# JRE version: OpenJDK Runtime Environment Temurin-21.0.8+9 (21.0.8+9) (build 21.0.8+9-LTS)
# Java VM: OpenJDK 64-Bit Server VM Temurin-21.0.8+9 (21.0.8+9-LTS, mixed mode, sharing, tiered, compressed oops, compressed class ptrs, parallel gc, windows-amd64)
GC Precious Log:
 CardTable entry size: 512
 CPUs: 12 total, 12 available
 Memory: 16068M
 Large Page Support: Disabled
 NUMA Support: Disabled
 Compressed Oops: Enabled (32-bit)
 Alignments: Space 512K, Generation 512K, Heap 2M
 Heap Min Capacity: 100M
 Heap Initial Capacity: 100M
 Heap Max Capacity: 2G
 Pre-touch: Disabled
 Parallel Workers: 10
Heap:
 PSYoungGen      total 6144K, used 838K [0x00000000d5580000, 0x00000000d5c80000, 0x0000000100000000)
  eden space 5120K, 0% used [0x00000000d5580000,0x00000000d5580000,0x00000000d5a80000)
  from space 1024K, 81% used [0x00000000d5a80000,0x00000000d5b51918,0x00000000d5b80000)
  to   space 1024K, 0% used [0x00000000d5b80000,0x00000000d5b80000,0x00000000d5c80000)
 ParOldGen       total 519168K, used 518762K [0x0000000080000000, 0x000000009fb00000, 0x00000000d5580000)
  object space 519168K, 99% used [0x0000000080000000,0x000000009fa9aba8,0x000000009fb00000)
 Metaspace       used 59907K, committed 61248K, reserved 1114112K
  class space    used 6916K, committed 7552K, reserved 1048576K
GC Heap History (20 events):
Event: 31.065 GC heap before
{Heap before GC invocations=1089 (full 3):
 PSYoungGen      total 5632K, used 5602K [0x00000000d5580000, 0x00000000d5d80000, 0x0000000100000000)
  eden space 5120K, 100% used [0x00000000d5580000,0x00000000d5a80000,0x00000000d5a80000)
  from space 512K, 94% used [0x00000000d5b00000,0x00000000d5b78a90,0x00000000d5b80000)
  to   space 1536K, 0% used [0x00000000d5c00000,0x00000000d5c00000,0x00000000d5d80000)
 ParOldGen       total 513024K, used 512547K [0x0000000080000000, 0x000000009f500000, 0x00000000d5580000)
  object space 513024K, 99% used [0x0000000080000000,0x000000009f488f38,0x000000009f500000)
 Metaspace       used 59643K, committed 60992K, reserved 1114112K
  class space    used 6891K, committed 7488K, reserved 1048576K
}
Event: 31.066 GC heap after
{Heap after GC invocations=1089 (full 3):
 PSYoungGen      total 6144K, used 576K [0x00000000d5580000, 0x00000000d5d00000, 0x0000000100000000)
  eden space 5120K, 0% used [0x00000000d5580000,0x00000000d5580000,0x00000000d5a80000)
  from space 1024K, 56% used [0x00000000d5c00000,0x00000000d5c90000,0x00000000d5d00000)
  to   space 1024K, 0% used [0x00000000d5b00000,0x00000000d5b00000,0x00000000d5c00000)
 ParOldGen       total 513024K, used 513004K [0x0000000080000000, 0x000000009f500000, 0x00000000d5580000)
  object space 513024K, 99% used [0x0000000080000000,0x000000009f4fb2a0,0x000000009f500000)
 Metaspace       used 59643K, committed 60992K, reserved 1114112K
  class space    used 6891K, committed 7488K, reserved 1048576K
}
Event: 31.073 GC heap before
{Heap before GC invocations=1090 (full 3):
 PSYoungGen      total 6144K, used 5696K [0x00000000d5580000, 0x00000000d5d00000, 0x0000000100000000)
  eden space 5120K, 100% used [0x00000000d5580000,0x00000000d5a80000,0x00000000d5a80000)
  from space 1024K, 56% used [0x00000000d5c00000,0x00000000d5c90000,0x00000000d5d00000)
  to   space 1024K, 0% used [0x00000000d5b00000,0x00000000d5b00000,0x00000000d5c00000)
 ParOldGen       total 513024K, used 513004K [0x0000000080000000, 0x000000009f500000, 0x00000000d5580000)
  object space 513024K, 99% used [0x0000000080000000,0x000000009f4fb2a0,0x000000009f500000)
 Metaspace       used 59645K, committed 60992K, reserved 1114112K
  class space    used 6891K, committed 7488K, reserved 1048576K
}
Event: 31.074 GC heap after
{Heap after GC invocations=1090 (full 3):
 PSYoungGen      total 5632K, used 448K [0x00000000d5580000, 0x00000000d5c80000, 0x0000000100000000)
  eden space 5120K, 0% used [0x00000000d5580000,0x00000000d5580000,0x00000000d5a80000)
  from space 512K, 87% used [0x00000000d5b00000,0x00000000d5b70000,0x00000000d5b80000)
  to   space 1024K, 0% used [0x00000000d5b80000,0x00000000d5b80000,0x00000000d5c80000)
 ParOldGen       total 513536K, used 513356K [0x0000000080000000, 0x000000009f580000, 0x00000000d5580000)
  object space 513536K, 99% used [0x0000000080000000,0x000000009f5532a0,0x000000009f580000)
 Metaspace       used 59645K, committed 60992K, reserved 1114112K
  class space    used 6891K, committed 7488K, reserved 1048576K
}
Event: 31.082 GC heap before
{Heap before GC invocations=1091 (full 3):
 PSYoungGen      total 5632K, used 5568K [0x00000000d5580000, 0x00000000d5c80000, 0x0000000100000000)
  eden space 5120K, 100% used [0x00000000d5580000,0x00000000d5a80000,0x00000000d5a80000)
  from space 512K, 87% used [0x00000000d5b00000,0x00000000d5b70000,0x00000000d5b80000)
  to   space 1024K, 0% used [0x00000000d5b80000,0x00000000d5b80000,0x00000000d5c80000)
 ParOldGen       total 513536K, used 513356K [0x0000000080000000, 0x000000009f580000, 0x00000000d5580000)
  object space 513536K, 99% used [0x0000000080000000,0x000000009f5532a0,0x000000009f580000)
 Metaspace       used 59645K, committed 60992K, reserved 1114112K
  class space    used 6891K, committed 7488K, reserved 1048576K
}
Event: 31.084 GC heap after
{Heap after GC invocations=1091 (full 3):
 PSYoungGen      total 6144K, used 544K [0x00000000d5580000, 0x00000000d5c80000, 0x0000000100000000)
  eden space 5120K, 0% used [0x00000000d5580000,0x00000000d5580000,0x00000000d5a80000)
  from space 1024K, 53% used [0x00000000d5b80000,0x00000000d5c08000,0x00000000d5c80000)
  to   space 1024K, 0% used [0x00000000d5a80000,0x00000000d5a80000,0x00000000d5b80000)
 ParOldGen       total 514048K, used 513716K [0x0000000080000000, 0x000000009f600000, 0x00000000d5580000)
  object space 514048K, 99% used [0x0000000080000000,0x000000009f5ad2a0,0x000000009f600000)
 Metaspace       used 59645K, committed 60992K, reserved 1114112K
  class space    used 6891K, committed 7488K, reserved 1048576K
}
Event: 31.091 GC heap before
{Heap before GC invocations=1092 (full 3):
 PSYoungGen      total 6144K, used 5664K [0x00000000d5580000, 0x00000000d5c80000, 0x0000000100000000)
  eden space 5120K, 100% used [0x00000000d5580000,0x00000000d5a80000,0x00000000d5a80000)
  from space 1024K, 53% used [0x00000000d5b80000,0x00000000d5c08000,0x00000000d5c80000)
  to   space 1024K, 0% used [0x00000000d5a80000,0x00000000d5a80000,0x00000000d5b80000)
 ParOldGen       total 514048K, used 513716K [0x0000000080000000, 0x000000009f600000, 0x00000000d5580000)
  object space 514048K, 99% used [0x0000000080000000,0x000000009f5ad2a0,0x000000009f600000)
 Metaspace       used 59652K, committed 60992K, reserved 1114112K
  class space    used 6891K, committed 7488K, reserved 1048576K
}
Event: 31.093 GC heap after
{Heap after GC invocations=1092 (full 3):
 PSYoungGen      total 6144K, used 544K [0x00000000d5580000, 0x00000000d5c80000, 0x0000000100000000)
  eden space 5120K, 0% used [0x00000000d5580000,0x00000000d5580000,0x00000000d5a80000)
  from space 1024K, 53% used [0x00000000d5a80000,0x00000000d5b08000,0x00000000d5b80000)
  to   space 1024K, 0% used [0x00000000d5b80000,0x00000000d5b80000,0x00000000d5c80000)
 ParOldGen       total 514560K, used 514065K [0x0000000080000000, 0x000000009f680000, 0x00000000d5580000)
  object space 514560K, 99% used [0x0000000080000000,0x000000009f6044a8,0x000000009f680000)
 Metaspace       used 59652K, committed 60992K, reserved 1114112K
  class space    used 6891K, committed 7488K, reserved 1048576K
}
Event: 31.104 GC heap before
{Heap before GC invocations=1093 (full 3):
 PSYoungGen      total 6144K, used 5660K [0x00000000d5580000, 0x00000000d5c80000, 0x0000000100000000)
  eden space 5120K, 99% used [0x00000000d5580000,0x00000000d5a7f0d8,0x00000000d5a80000)
  from space 1024K, 53% used [0x00000000d5a80000,0x00000000d5b08000,0x00000000d5b80000)
  to   space 1024K, 0% used [0x00000000d5b80000,0x00000000d5b80000,0x00000000d5c80000)
 ParOldGen       total 514560K, used 514065K [0x0000000080000000, 0x000000009f680000, 0x00000000d5580000)
  object space 514560K, 99% used [0x0000000080000000,0x000000009f6044a8,0x000000009f680000)
 Metaspace       used 59653K, committed 60992K, reserved 1114112K
  class space    used 6891K, committed 7488K, reserved 1048576K
}
Event: 31.105 GC heap after
{Heap after GC invocations=1093 (full 3):
 PSYoungGen      total 6144K, used 640K [0x00000000d5580000, 0x00000000d5c80000, 0x0000000100000000)
  eden space 5120K, 0% used [0x00000000d5580000,0x00000000d5580000,0x00000000d5a80000)
  from space 1024K, 62% used [0x00000000d5b80000,0x00000000d5c20000,0x00000000d5c80000)
  to   space 1024K, 0% used [0x00000000d5a80000,0x00000000d5a80000,0x00000000d5b80000)
 ParOldGen       total 514560K, used 514521K [0x0000000080000000, 0x000000009f680000, 0x00000000d5580000)
  object space 514560K, 99% used [0x0000000080000000,0x000000009f6764a8,0x000000009f680000)
 Metaspace       used 59653K, committed 60992K, reserved 1114112K
  class space    used 6891K, committed 7488K, reserved 1048576K
}
Event: 31.114 GC heap before
{Heap before GC invocations=1094 (full 3):
 PSYoungGen      total 6144K, used 5760K [0x00000000d5580000, 0x00000000d5c80000, 0x0000000100000000)
  eden space 5120K, 100% used [0x00000000d5580000,0x00000000d5a80000,0x00000000d5a80000)
  from space 1024K, 62% used [0x00000000d5b80000,0x00000000d5c20000,0x00000000d5c80000)
  to   space 1024K, 0% used [0x00000000d5a80000,0x00000000d5a80000,0x00000000d5b80000)
 ParOldGen       total 514560K, used 514521K [0x0000000080000000, 0x000000009f680000, 0x00000000d5580000)
  object space 514560K, 99% used [0x0000000080000000,0x000000009f6764a8,0x000000009f680000)
 Metaspace       used 59653K, committed 60992K, reserved 1114112K
  class space    used 6891K, committed 7488K, reserved 1048576K
}
Event: 31.115 GC heap after
{Heap after GC invocations=1094 (full 3):
 PSYoungGen      total 6144K, used 672K [0x00000000d5580000, 0x00000000d5c80000, 0x0000000100000000)
  eden space 5120K, 0% used [0x00000000d5580000,0x00000000d5580000,0x00000000d5a80000)
  from space 1024K, 65% used [0x00000000d5a80000,0x00000000d5b28000,0x00000000d5b80000)
  to   space 1024K, 0% used [0x00000000d5b80000,0x00000000d5b80000,0x00000000d5c80000)
 ParOldGen       total 515072K, used 514985K [0x0000000080000000, 0x000000009f700000, 0x00000000d5580000)
  object space 515072K, 99% used [0x0000000080000000,0x000000009f6ea4a8,0x000000009f700000)
 Metaspace       used 59653K, committed 60992K, reserved 1114112K
  class space    used 6891K, committed 7488K, reserved 1048576K
}
Event: 31.122 GC heap before
{Heap before GC invocations=1095 (full 3):
 PSYoungGen      total 6144K, used 5792K [0x00000000d5580000, 0x00000000d5c80000, 0x0000000100000000)
  eden space 5120K, 100% used [0x00000000d5580000,0x00000000d5a80000,0x00000000d5a80000)
  from space 1024K, 65% used [0x00000000d5a80000,0x00000000d5b28000,0x00000000d5b80000)
  to   space 1024K, 0% used [0x00000000d5b80000,0x00000000d5b80000,0x00000000d5c80000)
 ParOldGen       total 515072K, used 514985K [0x0000000080000000, 0x000000009f700000, 0x00000000d5580000)
  object space 515072K, 99% used [0x0000000080000000,0x000000009f6ea4a8,0x000000009f700000)
 Metaspace       used 59666K, committed 60992K, reserved 1114112K
  class space    used 6893K, committed 7488K, reserved 1048576K
}
Event: 31.124 GC heap after
{Heap after GC invocations=1095 (full 3):
 PSYoungGen      total 6144K, used 565K [0x00000000d5580000, 0x00000000d5c80000, 0x0000000100000000)
  eden space 5120K, 0% used [0x00000000d5580000,0x00000000d5580000,0x00000000d5a80000)
  from space 1024K, 55% used [0x00000000d5b80000,0x00000000d5c0d588,0x00000000d5c80000)
  to   space 1024K, 0% used [0x00000000d5a80000,0x00000000d5a80000,0x00000000d5b80000)
 ParOldGen       total 516608K, used 516294K [0x0000000080000000, 0x000000009f880000, 0x00000000d5580000)
  object space 516608K, 99% used [0x0000000080000000,0x000000009f8319b8,0x000000009f880000)
 Metaspace       used 59666K, committed 60992K, reserved 1114112K
  class space    used 6893K, committed 7488K, reserved 1048576K
}
Event: 31.135 GC heap before
{Heap before GC invocations=1096 (full 3):
 PSYoungGen      total 6144K, used 5685K [0x00000000d5580000, 0x00000000d5c80000, 0x0000000100000000)
  eden space 5120K, 100% used [0x00000000d5580000,0x00000000d5a80000,0x00000000d5a80000)
  from space 1024K, 55% used [0x00000000d5b80000,0x00000000d5c0d588,0x00000000d5c80000)
  to   space 1024K, 0% used [0x00000000d5a80000,0x00000000d5a80000,0x00000000d5b80000)
 ParOldGen       total 516608K, used 516294K [0x0000000080000000, 0x000000009f880000, 0x00000000d5580000)
  object space 516608K, 99% used [0x0000000080000000,0x000000009f8319b8,0x000000009f880000)
 Metaspace       used 59679K, committed 60992K, reserved 1114112K
  class space    used 6893K, committed 7488K, reserved 1048576K
}
Event: 31.136 GC heap after
{Heap after GC invocations=1096 (full 3):
 PSYoungGen      total 6144K, used 524K [0x00000000d5580000, 0x00000000d5c80000, 0x0000000100000000)
  eden space 5120K, 0% used [0x00000000d5580000,0x00000000d5580000,0x00000000d5a80000)
  from space 1024K, 51% used [0x00000000d5a80000,0x00000000d5b03010,0x00000000d5b80000)
  to   space 1024K, 0% used [0x00000000d5b80000,0x00000000d5b80000,0x00000000d5c80000)
 ParOldGen       total 517120K, used 516686K [0x0000000080000000, 0x000000009f900000, 0x00000000d5580000)
  object space 517120K, 99% used [0x0000000080000000,0x000000009f8939b8,0x000000009f900000)
 Metaspace       used 59679K, committed 60992K, reserved 1114112K
  class space    used 6893K, committed 7488K, reserved 1048576K
}
Event: 31.151 GC heap before
{Heap before GC invocations=1097 (full 3):
 PSYoungGen      total 6144K, used 5644K [0x00000000d5580000, 0x00000000d5c80000, 0x0000000100000000)
  eden space 5120K, 100% used [0x00000000d5580000,0x00000000d5a80000,0x00000000d5a80000)
  from space 1024K, 51% used [0x00000000d5a80000,0x00000000d5b03010,0x00000000d5b80000)
  to   space 1024K, 0% used [0x00000000d5b80000,0x00000000d5b80000,0x00000000d5c80000)
 ParOldGen       total 517120K, used 516686K [0x0000000080000000, 0x000000009f900000, 0x00000000d5580000)
  object space 517120K, 99% used [0x0000000080000000,0x000000009f8939b8,0x000000009f900000)
 Metaspace       used 59688K, committed 60992K, reserved 1114112K
  class space    used 6895K, committed 7488K, reserved 1048576K
}
Event: 31.152 GC heap after
{Heap after GC invocations=1097 (full 3):
 PSYoungGen      total 6144K, used 660K [0x00000000d5580000, 0x00000000d5c80000, 0x0000000100000000)
  eden space 5120K, 0% used [0x00000000d5580000,0x00000000d5580000,0x00000000d5a80000)
  from space 1024K, 64% used [0x00000000d5b80000,0x00000000d5c25098,0x00000000d5c80000)
  to   space 1024K, 0% used [0x00000000d5a80000,0x00000000d5a80000,0x00000000d5b80000)
 ParOldGen       total 517632K, used 517130K [0x0000000080000000, 0x000000009f980000, 0x00000000d5580000)
  object space 517632K, 99% used [0x0000000080000000,0x000000009f9029c8,0x000000009f980000)
 Metaspace       used 59688K, committed 60992K, reserved 1114112K
  class space    used 6895K, committed 7488K, reserved 1048576K
}
Event: 31.168 GC heap before
{Heap before GC invocations=1098 (full 3):
 PSYoungGen      total 6144K, used 5765K [0x00000000d5580000, 0x00000000d5c80000, 0x0000000100000000)
  eden space 5120K, 99% used [0x00000000d5580000,0x00000000d5a7c580,0x00000000d5a80000)
  from space 1024K, 64% used [0x00000000d5b80000,0x00000000d5c25098,0x00000000d5c80000)
  to   space 1024K, 0% used [0x00000000d5a80000,0x00000000d5a80000,0x00000000d5b80000)
 ParOldGen       total 517632K, used 517130K [0x0000000080000000, 0x000000009f980000, 0x00000000d5580000)
  object space 517632K, 99% used [0x0000000080000000,0x000000009f9029c8,0x000000009f980000)
 Metaspace       used 59812K, committed 61184K, reserved 1114112K
  class space    used 6906K, committed 7552K, reserved 1048576K
}
Event: 31.170 GC heap after
{Heap after GC invocations=1098 (full 3):
 PSYoungGen      total 6144K, used 672K [0x00000000d5580000, 0x00000000d5c80000, 0x0000000100000000)
  eden space 5120K, 0% used [0x00000000d5580000,0x00000000d5580000,0x00000000d5a80000)
  from space 1024K, 65% used [0x00000000d5a80000,0x00000000d5b28000,0x00000000d5b80000)
  to   space 1024K, 0% used [0x00000000d5b80000,0x00000000d5b80000,0x00000000d5c80000)
 ParOldGen       total 517632K, used 517562K [0x0000000080000000, 0x000000009f980000, 0x00000000d5580000)
  object space 517632K, 99% used [0x0000000080000000,0x000000009f96e9c8,0x000000009f980000)
 Metaspace       used 59812K, committed 61184K, reserved 1114112K
  class space    used 6906K, committed 7552K, reserved 1048576K
}

