# JRE version: OpenJDK Runtime Environment Microsoft-8035246 (17.0.8+7) (build 17.0.8+7-LTS)
# Java VM: OpenJDK 64-Bit Server VM Microsoft-8035246 (17.0.8+7-LTS, mixed mode, sharing, tiered, compressed oops, compressed class ptrs, g1 gc, windows-amd64)
GC Precious Log:
 CPUs: 8 total, 8 available
 Memory: 8036M
 Large Page Support: Disabled
 NUMA Support: Disabled
 Compressed Oops: Enabled (32-bit)
 Heap Region Size: 1M
 Heap Min Capacity: 8M
 Heap Initial Capacity: 126M
 Heap Max Capacity: 2G
 Pre-touch: Disabled
 Parallel Workers: 8
 Concurrent Workers: 2
 Concurrent Refinement Workers: 8
 Periodic GC: Disabled
Heap:
 garbage-first heap   total 233472K, used 167990K [0x0000000080000000, 0x0000000100000000)
  region size 1024K, 51 young (52224K), 5 survivors (5120K)
 Metaspace       used 113415K, committed 114368K, reserved 557056K
  class space    used 15797K, committed 16256K, reserved 425984K
GC Heap History (20 events):
Event: 61.167 GC heap before
{Heap before GC invocations=30 (full 0):
 garbage-first heap   total 188416K, used 137713K [0x0000000080000000, 0x0000000100000000)
  region size 1024K, 37 young (37888K), 1 survivors (1024K)
 Metaspace       used 89652K, committed 90496K, reserved 557056K
  class space    used 12456K, committed 12864K, reserved 425984K
}
Event: 61.170 GC heap after
{Heap after GC invocations=31 (full 0):
 garbage-first heap   total 188416K, used 102714K [0x0000000080000000, 0x0000000100000000)
  region size 1024K, 3 young (3072K), 3 survivors (3072K)
 Metaspace       used 89652K, committed 90496K, reserved 557056K
  class space    used 12456K, committed 12864K, reserved 425984K
}
Event: 61.258 GC heap before
{Heap before GC invocations=31 (full 0):
 garbage-first heap   total 188416K, used 107834K [0x0000000080000000, 0x0000000100000000)
  region size 1024K, 9 young (9216K), 3 survivors (3072K)
 Metaspace       used 90196K, committed 91072K, reserved 557056K
  class space    used 12520K, committed 12928K, reserved 425984K
}
Event: 61.261 GC heap after
{Heap after GC invocations=32 (full 0):
 garbage-first heap   total 188416K, used 101959K [0x0000000080000000, 0x0000000100000000)
  region size 1024K, 1 young (1024K), 1 survivors (1024K)
 Metaspace       used 90196K, committed 91072K, reserved 557056K
  class space    used 12520K, committed 12928K, reserved 425984K
}
Event: 61.714 GC heap before
{Heap before GC invocations=32 (full 0):
 garbage-first heap   total 188416K, used 157255K [0x0000000080000000, 0x0000000100000000)
  region size 1024K, 49 young (50176K), 1 survivors (1024K)
 Metaspace       used 93331K, committed 94272K, reserved 557056K
  class space    used 12870K, committed 13312K, reserved 425984K
}
Event: 61.717 GC heap after
{Heap after GC invocations=33 (full 0):
 garbage-first heap   total 188416K, used 106645K [0x0000000080000000, 0x0000000100000000)
  region size 1024K, 5 young (5120K), 5 survivors (5120K)
 Metaspace       used 93331K, committed 94272K, reserved 557056K
  class space    used 12870K, committed 13312K, reserved 425984K
}
Event: 62.098 GC heap before
{Heap before GC invocations=33 (full 0):
 garbage-first heap   total 188416K, used 152725K [0x0000000080000000, 0x0000000100000000)
  region size 1024K, 50 young (51200K), 5 survivors (5120K)
 Metaspace       used 96668K, committed 97600K, reserved 557056K
  class space    used 13308K, committed 13760K, reserved 425984K
}
Event: 62.101 GC heap after
{Heap after GC invocations=34 (full 0):
 garbage-first heap   total 188416K, used 108856K [0x0000000080000000, 0x0000000100000000)
  region size 1024K, 3 young (3072K), 3 survivors (3072K)
 Metaspace       used 96668K, committed 97600K, reserved 557056K
  class space    used 13308K, committed 13760K, reserved 425984K
}
Event: 62.594 GC heap before
{Heap before GC invocations=34 (full 0):
 garbage-first heap   total 188416K, used 154936K [0x0000000080000000, 0x0000000100000000)
  region size 1024K, 48 young (49152K), 3 survivors (3072K)
 Metaspace       used 100089K, committed 100992K, reserved 557056K
  class space    used 13785K, committed 14208K, reserved 425984K
}
Event: 62.598 GC heap after
{Heap after GC invocations=35 (full 0):
 garbage-first heap   total 188416K, used 110213K [0x0000000080000000, 0x0000000100000000)
  region size 1024K, 4 young (4096K), 4 survivors (4096K)
 Metaspace       used 100089K, committed 100992K, reserved 557056K
  class space    used 13785K, committed 14208K, reserved 425984K
}
Event: 62.899 GC heap before
{Heap before GC invocations=36 (full 0):
 garbage-first heap   total 194560K, used 156293K [0x0000000080000000, 0x0000000100000000)
  region size 1024K, 49 young (50176K), 4 survivors (4096K)
 Metaspace       used 101658K, committed 102592K, reserved 557056K
  class space    used 14010K, committed 14464K, reserved 425984K
}
Event: 62.903 GC heap after
{Heap after GC invocations=37 (full 0):
 garbage-first heap   total 194560K, used 113510K [0x0000000080000000, 0x0000000100000000)
  region size 1024K, 5 young (5120K), 5 survivors (5120K)
 Metaspace       used 101658K, committed 102592K, reserved 557056K
  class space    used 14010K, committed 14464K, reserved 425984K
}
Event: 62.917 GC heap before
{Heap before GC invocations=37 (full 0):
 garbage-first heap   total 194560K, used 117606K [0x0000000080000000, 0x0000000100000000)
  region size 1024K, 9 young (9216K), 5 survivors (5120K)
 Metaspace       used 101660K, committed 102592K, reserved 557056K
  class space    used 14010K, committed 14464K, reserved 425984K
}
Event: 62.921 GC heap after
{Heap after GC invocations=38 (full 0):
 garbage-first heap   total 233472K, used 113418K [0x0000000080000000, 0x0000000100000000)
  region size 1024K, 1 young (1024K), 1 survivors (1024K)
 Metaspace       used 101660K, committed 102592K, reserved 557056K
  class space    used 14010K, committed 14464K, reserved 425984K
}
Event: 66.119 GC heap before
{Heap before GC invocations=38 (full 0):
 garbage-first heap   total 233472K, used 190218K [0x0000000080000000, 0x0000000100000000)
  region size 1024K, 75 young (76800K), 1 survivors (1024K)
 Metaspace       used 106254K, committed 107200K, reserved 557056K
  class space    used 14802K, committed 15296K, reserved 425984K
}
Event: 66.122 GC heap after
{Heap after GC invocations=39 (full 0):
 garbage-first heap   total 233472K, used 115904K [0x0000000080000000, 0x0000000100000000)
  region size 1024K, 4 young (4096K), 4 survivors (4096K)
 Metaspace       used 106254K, committed 107200K, reserved 557056K
  class space    used 14802K, committed 15296K, reserved 425984K
}
Event: 66.917 GC heap before
{Heap before GC invocations=39 (full 0):
 garbage-first heap   total 233472K, used 190656K [0x0000000080000000, 0x0000000100000000)
  region size 1024K, 77 young (78848K), 4 survivors (4096K)
 Metaspace       used 110853K, committed 111808K, reserved 557056K
  class space    used 15436K, committed 15872K, reserved 425984K
}
Event: 66.922 GC heap after
{Heap after GC invocations=40 (full 0):
 garbage-first heap   total 233472K, used 120412K [0x0000000080000000, 0x0000000100000000)
  region size 1024K, 8 young (8192K), 8 survivors (8192K)
 Metaspace       used 110853K, committed 111808K, reserved 557056K
  class space    used 15436K, committed 15872K, reserved 425984K
}
Event: 67.159 GC heap before
{Heap before GC invocations=40 (full 0):
 garbage-first heap   total 233472K, used 130652K [0x0000000080000000, 0x0000000100000000)
  region size 1024K, 19 young (19456K), 8 survivors (8192K)
 Metaspace       used 111239K, committed 112192K, reserved 557056K
  class space    used 15491K, committed 15936K, reserved 425984K
}
Event: 67.164 GC heap after
{Heap after GC invocations=41 (full 0):
 garbage-first heap   total 233472K, used 120886K [0x0000000080000000, 0x0000000100000000)
  region size 1024K, 5 young (5120K), 5 survivors (5120K)
 Metaspace       used 111239K, committed 112192K, reserved 557056K
  class space    used 15491K, committed 15936K, reserved 425984K
}

