# JRE version: OpenJDK Runtime Environment Temurin-21.0.8+9 (21.0.8+9) (build 21.0.8+9-LTS)
# Java VM: OpenJDK 64-Bit Server VM Temurin-21.0.8+9 (21.0.8+9-LTS, mixed mode, sharing, tiered, compressed oops, compressed class ptrs, parallel gc, windows-amd64)
GC Precious Log:
 CardTable entry size: 512
 CPUs: 12 total, 12 available
 Memory: 16068M
 Large Page Support: Disabled
 NUMA Support: Disabled
 Compressed Oops: Enabled (32-bit)
 Alignments: Space 512K, Generation 512K, Heap 2M
 Heap Min Capacity: 100M
 Heap Initial Capacity: 100M
 Heap Max Capacity: 2G
 Pre-touch: Disabled
 Parallel Workers: 10
Heap:
 PSYoungGen      total 4608K, used 1788K [0x00000000d5580000, 0x00000000d5b00000, 0x0000000100000000)
  eden space 4096K, 37% used [0x00000000d5580000,0x00000000d56ff2b0,0x00000000d5980000)
  from space 512K, 50% used [0x00000000d5a80000,0x00000000d5ac0000,0x00000000d5b00000)
  to   space 512K, 0% used [0x00000000d5980000,0x00000000d5980000,0x00000000d5a00000)
 ParOldGen       total 1168384K, used 361563K [0x0000000080000000, 0x00000000c7500000, 0x00000000d5580000)
  object space 1168384K, 30% used [0x0000000080000000,0x0000000096116fd8,0x00000000c7500000)
 Metaspace       used 84975K, committed 86656K, reserved 1179648K
  class space    used 9658K, committed 10432K, reserved 1048576K
GC Heap History (20 events):
Event: 1179.976 GC heap before
{Heap before GC invocations=4337 (full 5):
 PSYoungGen      total 4608K, used 4416K [0x00000000d5580000, 0x00000000d5a80000, 0x0000000100000000)
  eden space 4096K, 100% used [0x00000000d5580000,0x00000000d5980000,0x00000000d5980000)
  from space 512K, 62% used [0x00000000d5a00000,0x00000000d5a50000,0x00000000d5a80000)
  to   space 512K, 0% used [0x00000000d5980000,0x00000000d5980000,0x00000000d5a00000)
 ParOldGen       total 1168384K, used 361059K [0x0000000080000000, 0x00000000c7500000, 0x00000000d5580000)
  object space 1168384K, 30% used [0x0000000080000000,0x0000000096098fd8,0x00000000c7500000)
 Metaspace       used 84922K, committed 86592K, reserved 1179648K
  class space    used 9658K, committed 10432K, reserved 1048576K
}
Event: 1180.032 GC heap after
{Heap after GC invocations=4337 (full 5):
 PSYoungGen      total 4608K, used 256K [0x00000000d5580000, 0x00000000d5a80000, 0x0000000100000000)
  eden space 4096K, 0% used [0x00000000d5580000,0x00000000d5580000,0x00000000d5980000)
  from space 512K, 50% used [0x00000000d5980000,0x00000000d59c0000,0x00000000d5a00000)
  to   space 512K, 0% used [0x00000000d5a00000,0x00000000d5a00000,0x00000000d5a80000)
 ParOldGen       total 1168384K, used 361123K [0x0000000080000000, 0x00000000c7500000, 0x00000000d5580000)
  object space 1168384K, 30% used [0x0000000080000000,0x00000000960a8fd8,0x00000000c7500000)
 Metaspace       used 84922K, committed 86592K, reserved 1179648K
  class space    used 9658K, committed 10432K, reserved 1048576K
}
Event: 1183.144 GC heap before
{Heap before GC invocations=4338 (full 5):
 PSYoungGen      total 4608K, used 4352K [0x00000000d5580000, 0x00000000d5a80000, 0x0000000100000000)
  eden space 4096K, 100% used [0x00000000d5580000,0x00000000d5980000,0x00000000d5980000)
  from space 512K, 50% used [0x00000000d5980000,0x00000000d59c0000,0x00000000d5a00000)
  to   space 512K, 0% used [0x00000000d5a00000,0x00000000d5a00000,0x00000000d5a80000)
 ParOldGen       total 1168384K, used 361123K [0x0000000080000000, 0x00000000c7500000, 0x00000000d5580000)
  object space 1168384K, 30% used [0x0000000080000000,0x00000000960a8fd8,0x00000000c7500000)
 Metaspace       used 84922K, committed 86592K, reserved 1179648K
  class space    used 9658K, committed 10432K, reserved 1048576K
}
Event: 1183.146 GC heap after
{Heap after GC invocations=4338 (full 5):
 PSYoungGen      total 4608K, used 256K [0x00000000d5580000, 0x00000000d5a80000, 0x0000000100000000)
  eden space 4096K, 0% used [0x00000000d5580000,0x00000000d5580000,0x00000000d5980000)
  from space 512K, 50% used [0x00000000d5a00000,0x00000000d5a40000,0x00000000d5a80000)
  to   space 512K, 0% used [0x00000000d5980000,0x00000000d5980000,0x00000000d5a00000)
 ParOldGen       total 1168384K, used 361187K [0x0000000080000000, 0x00000000c7500000, 0x00000000d5580000)
  object space 1168384K, 30% used [0x0000000080000000,0x00000000960b8fd8,0x00000000c7500000)
 Metaspace       used 84922K, committed 86592K, reserved 1179648K
  class space    used 9658K, committed 10432K, reserved 1048576K
}
Event: 1328.870 GC heap before
{Heap before GC invocations=4339 (full 5):
 PSYoungGen      total 4608K, used 4352K [0x00000000d5580000, 0x00000000d5a80000, 0x0000000100000000)
  eden space 4096K, 100% used [0x00000000d5580000,0x00000000d5980000,0x00000000d5980000)
  from space 512K, 50% used [0x00000000d5a00000,0x00000000d5a40000,0x00000000d5a80000)
  to   space 512K, 0% used [0x00000000d5980000,0x00000000d5980000,0x00000000d5a00000)
 ParOldGen       total 1168384K, used 361187K [0x0000000080000000, 0x00000000c7500000, 0x00000000d5580000)
  object space 1168384K, 30% used [0x0000000080000000,0x00000000960b8fd8,0x00000000c7500000)
 Metaspace       used 84922K, committed 86592K, reserved 1179648K
  class space    used 9658K, committed 10432K, reserved 1048576K
}
Event: 1328.875 GC heap after
{Heap after GC invocations=4339 (full 5):
 PSYoungGen      total 4608K, used 160K [0x00000000d5580000, 0x00000000d5a80000, 0x0000000100000000)
  eden space 4096K, 0% used [0x00000000d5580000,0x00000000d5580000,0x00000000d5980000)
  from space 512K, 31% used [0x00000000d5980000,0x00000000d59a8000,0x00000000d5a00000)
  to   space 512K, 0% used [0x00000000d5a00000,0x00000000d5a00000,0x00000000d5a80000)
 ParOldGen       total 1168384K, used 361219K [0x0000000080000000, 0x00000000c7500000, 0x00000000d5580000)
  object space 1168384K, 30% used [0x0000000080000000,0x00000000960c0fd8,0x00000000c7500000)
 Metaspace       used 84922K, committed 86592K, reserved 1179648K
  class space    used 9658K, committed 10432K, reserved 1048576K
}
Event: 1334.153 GC heap before
{Heap before GC invocations=4340 (full 5):
 PSYoungGen      total 4608K, used 4256K [0x00000000d5580000, 0x00000000d5a80000, 0x0000000100000000)
  eden space 4096K, 100% used [0x00000000d5580000,0x00000000d5980000,0x00000000d5980000)
  from space 512K, 31% used [0x00000000d5980000,0x00000000d59a8000,0x00000000d5a00000)
  to   space 512K, 0% used [0x00000000d5a00000,0x00000000d5a00000,0x00000000d5a80000)
 ParOldGen       total 1168384K, used 361219K [0x0000000080000000, 0x00000000c7500000, 0x00000000d5580000)
  object space 1168384K, 30% used [0x0000000080000000,0x00000000960c0fd8,0x00000000c7500000)
 Metaspace       used 84922K, committed 86592K, reserved 1179648K
  class space    used 9658K, committed 10432K, reserved 1048576K
}
Event: 1334.198 GC heap after
{Heap after GC invocations=4340 (full 5):
 PSYoungGen      total 4608K, used 256K [0x00000000d5580000, 0x00000000d5a80000, 0x0000000100000000)
  eden space 4096K, 0% used [0x00000000d5580000,0x00000000d5580000,0x00000000d5980000)
  from space 512K, 50% used [0x00000000d5a00000,0x00000000d5a40000,0x00000000d5a80000)
  to   space 512K, 0% used [0x00000000d5980000,0x00000000d5980000,0x00000000d5a00000)
 ParOldGen       total 1168384K, used 361299K [0x0000000080000000, 0x00000000c7500000, 0x00000000d5580000)
  object space 1168384K, 30% used [0x0000000080000000,0x00000000960d4fd8,0x00000000c7500000)
 Metaspace       used 84922K, committed 86592K, reserved 1179648K
  class space    used 9658K, committed 10432K, reserved 1048576K
}
Event: 1658.172 GC heap before
{Heap before GC invocations=4341 (full 5):
 PSYoungGen      total 4608K, used 4352K [0x00000000d5580000, 0x00000000d5a80000, 0x0000000100000000)
  eden space 4096K, 100% used [0x00000000d5580000,0x00000000d5980000,0x00000000d5980000)
  from space 512K, 50% used [0x00000000d5a00000,0x00000000d5a40000,0x00000000d5a80000)
  to   space 512K, 0% used [0x00000000d5980000,0x00000000d5980000,0x00000000d5a00000)
 ParOldGen       total 1168384K, used 361299K [0x0000000080000000, 0x00000000c7500000, 0x00000000d5580000)
  object space 1168384K, 30% used [0x0000000080000000,0x00000000960d4fd8,0x00000000c7500000)
 Metaspace       used 84925K, committed 86592K, reserved 1179648K
  class space    used 9658K, committed 10432K, reserved 1048576K
}
Event: 1658.194 GC heap after
{Heap after GC invocations=4341 (full 5):
 PSYoungGen      total 4608K, used 224K [0x00000000d5580000, 0x00000000d5a80000, 0x0000000100000000)
  eden space 4096K, 0% used [0x00000000d5580000,0x00000000d5580000,0x00000000d5980000)
  from space 512K, 43% used [0x00000000d5980000,0x00000000d59b8000,0x00000000d5a00000)
  to   space 512K, 0% used [0x00000000d5a00000,0x00000000d5a00000,0x00000000d5a80000)
 ParOldGen       total 1168384K, used 361379K [0x0000000080000000, 0x00000000c7500000, 0x00000000d5580000)
  object space 1168384K, 30% used [0x0000000080000000,0x00000000960e8fd8,0x00000000c7500000)
 Metaspace       used 84925K, committed 86592K, reserved 1179648K
  class space    used 9658K, committed 10432K, reserved 1048576K
}
Event: 1661.961 GC heap before
{Heap before GC invocations=4342 (full 5):
 PSYoungGen      total 4608K, used 4320K [0x00000000d5580000, 0x00000000d5a80000, 0x0000000100000000)
  eden space 4096K, 100% used [0x00000000d5580000,0x00000000d5980000,0x00000000d5980000)
  from space 512K, 43% used [0x00000000d5980000,0x00000000d59b8000,0x00000000d5a00000)
  to   space 512K, 0% used [0x00000000d5a00000,0x00000000d5a00000,0x00000000d5a80000)
 ParOldGen       total 1168384K, used 361379K [0x0000000080000000, 0x00000000c7500000, 0x00000000d5580000)
  object space 1168384K, 30% used [0x0000000080000000,0x00000000960e8fd8,0x00000000c7500000)
 Metaspace       used 84927K, committed 86592K, reserved 1179648K
  class space    used 9658K, committed 10432K, reserved 1048576K
}
Event: 1661.986 GC heap after
{Heap after GC invocations=4342 (full 5):
 PSYoungGen      total 4608K, used 256K [0x00000000d5580000, 0x00000000d5a80000, 0x0000000100000000)
  eden space 4096K, 0% used [0x00000000d5580000,0x00000000d5580000,0x00000000d5980000)
  from space 512K, 50% used [0x00000000d5a00000,0x00000000d5a40000,0x00000000d5a80000)
  to   space 512K, 0% used [0x00000000d5980000,0x00000000d5980000,0x00000000d5a00000)
 ParOldGen       total 1168384K, used 361451K [0x0000000080000000, 0x00000000c7500000, 0x00000000d5580000)
  object space 1168384K, 30% used [0x0000000080000000,0x00000000960fafd8,0x00000000c7500000)
 Metaspace       used 84927K, committed 86592K, reserved 1179648K
  class space    used 9658K, committed 10432K, reserved 1048576K
}
Event: 2111.673 GC heap before
{Heap before GC invocations=4343 (full 5):
 PSYoungGen      total 4608K, used 4352K [0x00000000d5580000, 0x00000000d5a80000, 0x0000000100000000)
  eden space 4096K, 100% used [0x00000000d5580000,0x00000000d5980000,0x00000000d5980000)
  from space 512K, 50% used [0x00000000d5a00000,0x00000000d5a40000,0x00000000d5a80000)
  to   space 512K, 0% used [0x00000000d5980000,0x00000000d5980000,0x00000000d5a00000)
 ParOldGen       total 1168384K, used 361451K [0x0000000080000000, 0x00000000c7500000, 0x00000000d5580000)
  object space 1168384K, 30% used [0x0000000080000000,0x00000000960fafd8,0x00000000c7500000)
 Metaspace       used 84929K, committed 86592K, reserved 1179648K
  class space    used 9658K, committed 10432K, reserved 1048576K
}
Event: 2111.677 GC heap after
{Heap after GC invocations=4343 (full 5):
 PSYoungGen      total 4608K, used 480K [0x00000000d5580000, 0x00000000d5b80000, 0x0000000100000000)
  eden space 4096K, 0% used [0x00000000d5580000,0x00000000d5580000,0x00000000d5980000)
  from space 512K, 93% used [0x00000000d5980000,0x00000000d59f8020,0x00000000d5a00000)
  to   space 1024K, 0% used [0x00000000d5a80000,0x00000000d5a80000,0x00000000d5b80000)
 ParOldGen       total 1168384K, used 361499K [0x0000000080000000, 0x00000000c7500000, 0x00000000d5580000)
  object space 1168384K, 30% used [0x0000000080000000,0x0000000096106fd8,0x00000000c7500000)
 Metaspace       used 84929K, committed 86592K, reserved 1179648K
  class space    used 9658K, committed 10432K, reserved 1048576K
}
Event: 9506.582 GC heap before
{Heap before GC invocations=4344 (full 5):
 PSYoungGen      total 4608K, used 4576K [0x00000000d5580000, 0x00000000d5b80000, 0x0000000100000000)
  eden space 4096K, 100% used [0x00000000d5580000,0x00000000d5980000,0x00000000d5980000)
  from space 512K, 93% used [0x00000000d5980000,0x00000000d59f8020,0x00000000d5a00000)
  to   space 1024K, 0% used [0x00000000d5a80000,0x00000000d5a80000,0x00000000d5b80000)
 ParOldGen       total 1168384K, used 361499K [0x0000000080000000, 0x00000000c7500000, 0x00000000d5580000)
  object space 1168384K, 30% used [0x0000000080000000,0x0000000096106fd8,0x00000000c7500000)
 Metaspace       used 84952K, committed 86592K, reserved 1179648K
  class space    used 9658K, committed 10432K, reserved 1048576K
}
Event: 9506.720 GC heap after
{Heap after GC invocations=4344 (full 5):
 PSYoungGen      total 4608K, used 256K [0x00000000d5580000, 0x00000000d5b00000, 0x0000000100000000)
  eden space 4096K, 0% used [0x00000000d5580000,0x00000000d5580000,0x00000000d5980000)
  from space 512K, 50% used [0x00000000d5a80000,0x00000000d5ac0000,0x00000000d5b00000)
  to   space 512K, 0% used [0x00000000d5980000,0x00000000d5980000,0x00000000d5a00000)
 ParOldGen       total 1168384K, used 361555K [0x0000000080000000, 0x00000000c7500000, 0x00000000d5580000)
  object space 1168384K, 30% used [0x0000000080000000,0x0000000096114fd8,0x00000000c7500000)
 Metaspace       used 84952K, committed 86592K, reserved 1179648K
  class space    used 9658K, committed 10432K, reserved 1048576K
}
Event: 9515.572 GC heap before
{Heap before GC invocations=4345 (full 5):
 PSYoungGen      total 4608K, used 4351K [0x00000000d5580000, 0x00000000d5b00000, 0x0000000100000000)
  eden space 4096K, 99% used [0x00000000d5580000,0x00000000d597fcf0,0x00000000d5980000)
  from space 512K, 50% used [0x00000000d5a80000,0x00000000d5ac0000,0x00000000d5b00000)
  to   space 512K, 0% used [0x00000000d5980000,0x00000000d5980000,0x00000000d5a00000)
 ParOldGen       total 1168384K, used 361555K [0x0000000080000000, 0x00000000c7500000, 0x00000000d5580000)
  object space 1168384K, 30% used [0x0000000080000000,0x0000000096114fd8,0x00000000c7500000)
 Metaspace       used 84952K, committed 86592K, reserved 1179648K
  class space    used 9658K, committed 10432K, reserved 1048576K
}
Event: 9515.580 GC heap after
{Heap after GC invocations=4345 (full 5):
 PSYoungGen      total 4608K, used 256K [0x00000000d5580000, 0x00000000d5b00000, 0x0000000100000000)
  eden space 4096K, 0% used [0x00000000d5580000,0x00000000d5580000,0x00000000d5980000)
  from space 512K, 50% used [0x00000000d5980000,0x00000000d59c0000,0x00000000d5a00000)
  to   space 512K, 0% used [0x00000000d5a80000,0x00000000d5a80000,0x00000000d5b00000)
 ParOldGen       total 1168384K, used 361555K [0x0000000080000000, 0x00000000c7500000, 0x00000000d5580000)
  object space 1168384K, 30% used [0x0000000080000000,0x0000000096114fd8,0x00000000c7500000)
 Metaspace       used 84952K, committed 86592K, reserved 1179648K
  class space    used 9658K, committed 10432K, reserved 1048576K
}
Event: 9806.574 GC heap before
{Heap before GC invocations=4346 (full 5):
 PSYoungGen      total 4608K, used 4352K [0x00000000d5580000, 0x00000000d5b00000, 0x0000000100000000)
  eden space 4096K, 100% used [0x00000000d5580000,0x00000000d5980000,0x00000000d5980000)
  from space 512K, 50% used [0x00000000d5980000,0x00000000d59c0000,0x00000000d5a00000)
  to   space 512K, 0% used [0x00000000d5a80000,0x00000000d5a80000,0x00000000d5b00000)
 ParOldGen       total 1168384K, used 361555K [0x0000000080000000, 0x00000000c7500000, 0x00000000d5580000)
  object space 1168384K, 30% used [0x0000000080000000,0x0000000096114fd8,0x00000000c7500000)
 Metaspace       used 84955K, committed 86592K, reserved 1179648K
  class space    used 9658K, committed 10432K, reserved 1048576K
}
Event: 9806.582 GC heap after
{Heap after GC invocations=4346 (full 5):
 PSYoungGen      total 4608K, used 256K [0x00000000d5580000, 0x00000000d5b00000, 0x0000000100000000)
  eden space 4096K, 0% used [0x00000000d5580000,0x00000000d5580000,0x00000000d5980000)
  from space 512K, 50% used [0x00000000d5a80000,0x00000000d5ac0000,0x00000000d5b00000)
  to   space 512K, 0% used [0x00000000d5980000,0x00000000d5980000,0x00000000d5a00000)
 ParOldGen       total 1168384K, used 361563K [0x0000000080000000, 0x00000000c7500000, 0x00000000d5580000)
  object space 1168384K, 30% used [0x0000000080000000,0x0000000096116fd8,0x00000000c7500000)
 Metaspace       used 84955K, committed 86592K, reserved 1179648K
  class space    used 9658K, committed 10432K, reserved 1048576K
}

