# JRE version: OpenJDK Runtime Environment Temurin-21.0.8+9 (21.0.8+9) (build 21.0.8+9-LTS)
# Java VM: OpenJDK 64-Bit Server VM Temurin-21.0.8+9 (21.0.8+9-LTS, mixed mode, sharing, tiered, compressed oops, compressed class ptrs, parallel gc, windows-amd64)
GC Precious Log:
 CardTable entry size: 512
 CPUs: 12 total, 12 available
 Memory: 16068M
 Large Page Support: Disabled
 NUMA Support: Disabled
 Compressed Oops: Enabled (32-bit)
 Alignments: Space 512K, Generation 512K, Heap 2M
 Heap Min Capacity: 100M
 Heap Initial Capacity: 100M
 Heap Max Capacity: 2G
 Pre-touch: Disabled
 Parallel Workers: 10
Heap:
 PSYoungGen      total 32768K, used 1190K [0x00000000d5580000, 0x00000000d7a00000, 0x0000000100000000)
  eden space 32256K, 2% used [0x00000000d5580000,0x00000000d5659a10,0x00000000d7500000)
  from space 512K, 62% used [0x00000000d7980000,0x00000000d79d0000,0x00000000d7a00000)
  to   space 512K, 0% used [0x00000000d7900000,0x00000000d7900000,0x00000000d7980000)
 ParOldGen       total 445952K, used 445484K [0x0000000080000000, 0x000000009b380000, 0x00000000d5580000)
  object space 445952K, 99% used [0x0000000080000000,0x000000009b30b098,0x000000009b380000)
 Metaspace       used 68556K, committed 70016K, reserved 1114112K
  class space    used 7848K, committed 8512K, reserved 1048576K
GC Heap History (20 events):
Event: 112.311 GC heap before
{Heap before GC invocations=3927 (full 5):
 PSYoungGen      total 20992K, used 20960K [0x00000000d5580000, 0x00000000d7600000, 0x0000000100000000)
  eden space 20480K, 100% used [0x00000000d5580000,0x00000000d6980000,0x00000000d6980000)
  from space 512K, 93% used [0x00000000d7580000,0x00000000d75f8000,0x00000000d7600000)
  to   space 512K, 0% used [0x00000000d7500000,0x00000000d7500000,0x00000000d7580000)
 ParOldGen       total 429056K, used 362571K [0x0000000080000000, 0x000000009a300000, 0x00000000d5580000)
  object space 429056K, 84% used [0x0000000080000000,0x0000000096212de0,0x000000009a300000)
 Metaspace       used 67983K, committed 69376K, reserved 1114112K
  class space    used 7811K, committed 8448K, reserved 1048576K
}
Event: 112.313 GC heap after
{Heap after GC invocations=3927 (full 5):
 PSYoungGen      total 25088K, used 512K [0x00000000d5580000, 0x00000000d7600000, 0x0000000100000000)
  eden space 24576K, 0% used [0x00000000d5580000,0x00000000d5580000,0x00000000d6d80000)
  from space 512K, 100% used [0x00000000d7500000,0x00000000d7580000,0x00000000d7580000)
  to   space 512K, 0% used [0x00000000d7580000,0x00000000d7580000,0x00000000d7600000)
 ParOldGen       total 429056K, used 362923K [0x0000000080000000, 0x000000009a300000, 0x00000000d5580000)
  object space 429056K, 84% used [0x0000000080000000,0x000000009626ade0,0x000000009a300000)
 Metaspace       used 67983K, committed 69376K, reserved 1114112K
  class space    used 7811K, committed 8448K, reserved 1048576K
}
Event: 112.320 GC heap before
{Heap before GC invocations=3928 (full 5):
 PSYoungGen      total 25088K, used 25088K [0x00000000d5580000, 0x00000000d7600000, 0x0000000100000000)
  eden space 24576K, 100% used [0x00000000d5580000,0x00000000d6d80000,0x00000000d6d80000)
  from space 512K, 100% used [0x00000000d7500000,0x00000000d7580000,0x00000000d7580000)
  to   space 512K, 0% used [0x00000000d7580000,0x00000000d7580000,0x00000000d7600000)
 ParOldGen       total 429056K, used 362923K [0x0000000080000000, 0x000000009a300000, 0x00000000d5580000)
  object space 429056K, 84% used [0x0000000080000000,0x000000009626ade0,0x000000009a300000)
 Metaspace       used 67983K, committed 69376K, reserved 1114112K
  class space    used 7811K, committed 8448K, reserved 1048576K
}
Event: 112.321 GC heap after
{Heap after GC invocations=3928 (full 5):
 PSYoungGen      total 30208K, used 512K [0x00000000d5580000, 0x00000000d7600000, 0x0000000100000000)
  eden space 29696K, 0% used [0x00000000d5580000,0x00000000d5580000,0x00000000d7280000)
  from space 512K, 100% used [0x00000000d7580000,0x00000000d7600000,0x00000000d7600000)
  to   space 1024K, 0% used [0x00000000d7400000,0x00000000d7400000,0x00000000d7500000)
 ParOldGen       total 429056K, used 363275K [0x0000000080000000, 0x000000009a300000, 0x00000000d5580000)
  object space 429056K, 84% used [0x0000000080000000,0x00000000962c2de0,0x000000009a300000)
 Metaspace       used 67983K, committed 69376K, reserved 1114112K
  class space    used 7811K, committed 8448K, reserved 1048576K
}
Event: 112.329 GC heap before
{Heap before GC invocations=3929 (full 5):
 PSYoungGen      total 30208K, used 30208K [0x00000000d5580000, 0x00000000d7600000, 0x0000000100000000)
  eden space 29696K, 100% used [0x00000000d5580000,0x00000000d7280000,0x00000000d7280000)
  from space 512K, 100% used [0x00000000d7580000,0x00000000d7600000,0x00000000d7600000)
  to   space 1024K, 0% used [0x00000000d7400000,0x00000000d7400000,0x00000000d7500000)
 ParOldGen       total 429056K, used 363275K [0x0000000080000000, 0x000000009a300000, 0x00000000d5580000)
  object space 429056K, 84% used [0x0000000080000000,0x00000000962c2de0,0x000000009a300000)
 Metaspace       used 67983K, committed 69376K, reserved 1114112K
  class space    used 7811K, committed 8448K, reserved 1048576K
}
Event: 112.330 GC heap after
{Heap after GC invocations=3929 (full 5):
 PSYoungGen      total 32256K, used 706K [0x00000000d5580000, 0x00000000d7a80000, 0x0000000100000000)
  eden space 31232K, 0% used [0x00000000d5580000,0x00000000d5580000,0x00000000d7400000)
  from space 1024K, 69% used [0x00000000d7400000,0x00000000d74b0b48,0x00000000d7500000)
  to   space 1024K, 0% used [0x00000000d7980000,0x00000000d7980000,0x00000000d7a80000)
 ParOldGen       total 429056K, used 363715K [0x0000000080000000, 0x000000009a300000, 0x00000000d5580000)
  object space 429056K, 84% used [0x0000000080000000,0x0000000096330de0,0x000000009a300000)
 Metaspace       used 67983K, committed 69376K, reserved 1114112K
  class space    used 7811K, committed 8448K, reserved 1048576K
}
Event: 112.341 GC heap before
{Heap before GC invocations=3930 (full 5):
 PSYoungGen      total 32256K, used 31938K [0x00000000d5580000, 0x00000000d7a80000, 0x0000000100000000)
  eden space 31232K, 100% used [0x00000000d5580000,0x00000000d7400000,0x00000000d7400000)
  from space 1024K, 69% used [0x00000000d7400000,0x00000000d74b0b48,0x00000000d7500000)
  to   space 1024K, 0% used [0x00000000d7980000,0x00000000d7980000,0x00000000d7a80000)
 ParOldGen       total 429056K, used 363715K [0x0000000080000000, 0x000000009a300000, 0x00000000d5580000)
  object space 429056K, 84% used [0x0000000080000000,0x0000000096330de0,0x000000009a300000)
 Metaspace       used 67983K, committed 69376K, reserved 1114112K
  class space    used 7811K, committed 8448K, reserved 1048576K
}
Event: 112.343 GC heap after
{Heap after GC invocations=3930 (full 5):
 PSYoungGen      total 36864K, used 704K [0x00000000d5580000, 0x00000000d7c80000, 0x0000000100000000)
  eden space 35840K, 0% used [0x00000000d5580000,0x00000000d5580000,0x00000000d7880000)
  from space 1024K, 68% used [0x00000000d7980000,0x00000000d7a30000,0x00000000d7a80000)
  to   space 1024K, 0% used [0x00000000d7880000,0x00000000d7880000,0x00000000d7980000)
 ParOldGen       total 429056K, used 364302K [0x0000000080000000, 0x000000009a300000, 0x00000000d5580000)
  object space 429056K, 84% used [0x0000000080000000,0x00000000963c3938,0x000000009a300000)
 Metaspace       used 67983K, committed 69376K, reserved 1114112K
  class space    used 7811K, committed 8448K, reserved 1048576K
}
Event: 112.429 GC heap before
{Heap before GC invocations=3931 (full 5):
 PSYoungGen      total 36864K, used 35456K [0x00000000d5580000, 0x00000000d7c80000, 0x0000000100000000)
  eden space 35840K, 96% used [0x00000000d5580000,0x00000000d7770088,0x00000000d7880000)
  from space 1024K, 68% used [0x00000000d7980000,0x00000000d7a30000,0x00000000d7a80000)
  to   space 1024K, 0% used [0x00000000d7880000,0x00000000d7880000,0x00000000d7980000)
 ParOldGen       total 429056K, used 364302K [0x0000000080000000, 0x000000009a300000, 0x00000000d5580000)
  object space 429056K, 84% used [0x0000000080000000,0x00000000963c3938,0x000000009a300000)
 Metaspace       used 67992K, committed 69376K, reserved 1114112K
  class space    used 7814K, committed 8448K, reserved 1048576K
}
Event: 112.433 GC heap after
{Heap after GC invocations=3931 (full 5):
 PSYoungGen      total 35840K, used 320K [0x00000000d5580000, 0x00000000d7a00000, 0x0000000100000000)
  eden space 34816K, 0% used [0x00000000d5580000,0x00000000d5580000,0x00000000d7780000)
  from space 1024K, 31% used [0x00000000d7880000,0x00000000d78d0000,0x00000000d7980000)
  to   space 512K, 0% used [0x00000000d7980000,0x00000000d7980000,0x00000000d7a00000)
 ParOldGen       total 429056K, used 378683K [0x0000000080000000, 0x000000009a300000, 0x00000000d5580000)
  object space 429056K, 88% used [0x0000000080000000,0x00000000971cec58,0x000000009a300000)
 Metaspace       used 67992K, committed 69376K, reserved 1114112K
  class space    used 7814K, committed 8448K, reserved 1048576K
}
Event: 112.464 GC heap before
{Heap before GC invocations=3932 (full 5):
 PSYoungGen      total 35840K, used 35136K [0x00000000d5580000, 0x00000000d7a00000, 0x0000000100000000)
  eden space 34816K, 100% used [0x00000000d5580000,0x00000000d7780000,0x00000000d7780000)
  from space 1024K, 31% used [0x00000000d7880000,0x00000000d78d0000,0x00000000d7980000)
  to   space 512K, 0% used [0x00000000d7980000,0x00000000d7980000,0x00000000d7a00000)
 ParOldGen       total 429056K, used 378683K [0x0000000080000000, 0x000000009a300000, 0x00000000d5580000)
  object space 429056K, 88% used [0x0000000080000000,0x00000000971cec58,0x000000009a300000)
 Metaspace       used 67992K, committed 69376K, reserved 1114112K
  class space    used 7814K, committed 8448K, reserved 1048576K
}
Event: 112.465 GC heap after
{Heap after GC invocations=3932 (full 5):
 PSYoungGen      total 34816K, used 449K [0x00000000d5580000, 0x00000000d7a00000, 0x0000000100000000)
  eden space 34304K, 0% used [0x00000000d5580000,0x00000000d5580000,0x00000000d7700000)
  from space 512K, 87% used [0x00000000d7980000,0x00000000d79f07b8,0x00000000d7a00000)
  to   space 512K, 0% used [0x00000000d7900000,0x00000000d7900000,0x00000000d7980000)
 ParOldGen       total 429056K, used 378819K [0x0000000080000000, 0x000000009a300000, 0x00000000d5580000)
  object space 429056K, 88% used [0x0000000080000000,0x00000000971f0c58,0x000000009a300000)
 Metaspace       used 67992K, committed 69376K, reserved 1114112K
  class space    used 7814K, committed 8448K, reserved 1048576K
}
Event: 112.488 GC heap before
{Heap before GC invocations=3933 (full 5):
 PSYoungGen      total 34816K, used 30778K [0x00000000d5580000, 0x00000000d7a00000, 0x0000000100000000)
  eden space 34304K, 88% used [0x00000000d5580000,0x00000000d731e0e0,0x00000000d7700000)
  from space 512K, 87% used [0x00000000d7980000,0x00000000d79f07b8,0x00000000d7a00000)
  to   space 512K, 0% used [0x00000000d7900000,0x00000000d7900000,0x00000000d7980000)
 ParOldGen       total 429056K, used 378819K [0x0000000080000000, 0x000000009a300000, 0x00000000d5580000)
  object space 429056K, 88% used [0x0000000080000000,0x00000000971f0c58,0x000000009a300000)
 Metaspace       used 67992K, committed 69376K, reserved 1114112K
  class space    used 7814K, committed 8448K, reserved 1048576K
}
Event: 112.492 GC heap after
{Heap after GC invocations=3933 (full 5):
 PSYoungGen      total 34304K, used 320K [0x00000000d5580000, 0x00000000d7a00000, 0x0000000100000000)
  eden space 33792K, 0% used [0x00000000d5580000,0x00000000d5580000,0x00000000d7680000)
  from space 512K, 62% used [0x00000000d7900000,0x00000000d7950000,0x00000000d7980000)
  to   space 512K, 0% used [0x00000000d7980000,0x00000000d7980000,0x00000000d7a00000)
 ParOldGen       total 429056K, used 405908K [0x0000000080000000, 0x000000009a300000, 0x00000000d5580000)
  object space 429056K, 94% used [0x0000000080000000,0x0000000098c65370,0x000000009a300000)
 Metaspace       used 67992K, committed 69376K, reserved 1114112K
  class space    used 7814K, committed 8448K, reserved 1048576K
}
Event: 112.504 GC heap before
{Heap before GC invocations=3934 (full 5):
 PSYoungGen      total 34304K, used 34107K [0x00000000d5580000, 0x00000000d7a00000, 0x0000000100000000)
  eden space 33792K, 99% used [0x00000000d5580000,0x00000000d767ee48,0x00000000d7680000)
  from space 512K, 62% used [0x00000000d7900000,0x00000000d7950000,0x00000000d7980000)
  to   space 512K, 0% used [0x00000000d7980000,0x00000000d7980000,0x00000000d7a00000)
 ParOldGen       total 429056K, used 405908K [0x0000000080000000, 0x000000009a300000, 0x00000000d5580000)
  object space 429056K, 94% used [0x0000000080000000,0x0000000098c65370,0x000000009a300000)
 Metaspace       used 67992K, committed 69376K, reserved 1114112K
  class space    used 7814K, committed 8448K, reserved 1048576K
}
Event: 112.510 GC heap after
{Heap after GC invocations=3934 (full 5):
 PSYoungGen      total 33792K, used 96K [0x00000000d5580000, 0x00000000d7a00000, 0x0000000100000000)
  eden space 33280K, 0% used [0x00000000d5580000,0x00000000d5580000,0x00000000d7600000)
  from space 512K, 18% used [0x00000000d7980000,0x00000000d7998000,0x00000000d7a00000)
  to   space 512K, 0% used [0x00000000d7900000,0x00000000d7900000,0x00000000d7980000)
 ParOldGen       total 445952K, used 444947K [0x0000000080000000, 0x000000009b380000, 0x00000000d5580000)
  object space 445952K, 99% used [0x0000000080000000,0x000000009b284f18,0x000000009b380000)
 Metaspace       used 67992K, committed 69376K, reserved 1114112K
  class space    used 7814K, committed 8448K, reserved 1048576K
}
Event: 112.828 GC heap before
{Heap before GC invocations=3935 (full 5):
 PSYoungGen      total 33792K, used 33376K [0x00000000d5580000, 0x00000000d7a00000, 0x0000000100000000)
  eden space 33280K, 100% used [0x00000000d5580000,0x00000000d7600000,0x00000000d7600000)
  from space 512K, 18% used [0x00000000d7980000,0x00000000d7998000,0x00000000d7a00000)
  to   space 512K, 0% used [0x00000000d7900000,0x00000000d7900000,0x00000000d7980000)
 ParOldGen       total 445952K, used 444947K [0x0000000080000000, 0x000000009b380000, 0x00000000d5580000)
  object space 445952K, 99% used [0x0000000080000000,0x000000009b284f18,0x000000009b380000)
 Metaspace       used 68087K, committed 69504K, reserved 1114112K
  class space    used 7819K, committed 8448K, reserved 1048576K
}
Event: 112.830 GC heap after
{Heap after GC invocations=3935 (full 5):
 PSYoungGen      total 33280K, used 512K [0x00000000d5580000, 0x00000000d7a00000, 0x0000000100000000)
  eden space 32768K, 0% used [0x00000000d5580000,0x00000000d5580000,0x00000000d7580000)
  from space 512K, 100% used [0x00000000d7900000,0x00000000d7980000,0x00000000d7980000)
  to   space 512K, 0% used [0x00000000d7980000,0x00000000d7980000,0x00000000d7a00000)
 ParOldGen       total 445952K, used 445036K [0x0000000080000000, 0x000000009b380000, 0x00000000d5580000)
  object space 445952K, 99% used [0x0000000080000000,0x000000009b29b258,0x000000009b380000)
 Metaspace       used 68087K, committed 69504K, reserved 1114112K
  class space    used 7819K, committed 8448K, reserved 1048576K
}
Event: 6514.129 GC heap before
{Heap before GC invocations=3936 (full 5):
 PSYoungGen      total 33280K, used 33280K [0x00000000d5580000, 0x00000000d7a00000, 0x0000000100000000)
  eden space 32768K, 100% used [0x00000000d5580000,0x00000000d7580000,0x00000000d7580000)
  from space 512K, 100% used [0x00000000d7900000,0x00000000d7980000,0x00000000d7980000)
  to   space 512K, 0% used [0x00000000d7980000,0x00000000d7980000,0x00000000d7a00000)
 ParOldGen       total 445952K, used 445036K [0x0000000080000000, 0x000000009b380000, 0x00000000d5580000)
  object space 445952K, 99% used [0x0000000080000000,0x000000009b29b258,0x000000009b380000)
 Metaspace       used 68542K, committed 70016K, reserved 1114112K
  class space    used 7848K, committed 8512K, reserved 1048576K
}
Event: 6514.600 GC heap after
{Heap after GC invocations=3936 (full 5):
 PSYoungGen      total 32768K, used 320K [0x00000000d5580000, 0x00000000d7a00000, 0x0000000100000000)
  eden space 32256K, 0% used [0x00000000d5580000,0x00000000d5580000,0x00000000d7500000)
  from space 512K, 62% used [0x00000000d7980000,0x00000000d79d0000,0x00000000d7a00000)
  to   space 512K, 0% used [0x00000000d7900000,0x00000000d7900000,0x00000000d7980000)
 ParOldGen       total 445952K, used 445484K [0x0000000080000000, 0x000000009b380000, 0x00000000d5580000)
  object space 445952K, 99% used [0x0000000080000000,0x000000009b30b098,0x000000009b380000)
 Metaspace       used 68542K, committed 70016K, reserved 1114112K
  class space    used 7848K, committed 8512K, reserved 1048576K
}

