# JRE version: OpenJDK Runtime Environment Microsoft-8035246 (17.0.8+7) (build 17.0.8+7-LTS)
# Java VM: OpenJDK 64-Bit Server VM Microsoft-8035246 (17.0.8+7-LTS, mixed mode, sharing, tiered, compressed oops, compressed class ptrs, g1 gc, windows-amd64)
GC Precious Log:
 CPUs: 8 total, 8 available
 Memory: 8036M
 Large Page Support: Disabled
 NUMA Support: Disabled
 Compressed Oops: Enabled (32-bit)
 Heap Region Size: 1M
 Heap Min Capacity: 8M
 Heap Initial Capacity: 126M
 Heap Max Capacity: 2G
 Pre-touch: Disabled
 Parallel Workers: 8
 Concurrent Workers: 2
 Concurrent Refinement Workers: 8
 Periodic GC: Disabled
Heap:
 garbage-first heap   total 281600K, used 176112K [0x0000000080000000, 0x0000000100000000)
  region size 1024K, 7 young (7168K), 7 survivors (7168K)
 Metaspace       used 103108K, committed 104320K, reserved 557056K
  class space    used 14497K, committed 15040K, reserved 425984K
GC Heap History (20 events):
Event: 20.012 GC heap after
{Heap after GC invocations=35 (full 0):
 garbage-first heap   total 235520K, used 101238K [0x0000000080000000, 0x0000000100000000)
  region size 1024K, 10 young (10240K), 10 survivors (10240K)
 Metaspace       used 82697K, committed 83520K, reserved 557056K
  class space    used 11597K, committed 12032K, reserved 425984K
}
Event: 26.636 GC heap before
{Heap before GC invocations=35 (full 0):
 garbage-first heap   total 235520K, used 191350K [0x0000000080000000, 0x0000000100000000)
  region size 1024K, 98 young (100352K), 10 survivors (10240K)
 Metaspace       used 88452K, committed 89280K, reserved 557056K
  class space    used 12388K, committed 12800K, reserved 425984K
}
Event: 26.645 GC heap after
{Heap after GC invocations=36 (full 0):
 garbage-first heap   total 235520K, used 105897K [0x0000000080000000, 0x0000000100000000)
  region size 1024K, 11 young (11264K), 11 survivors (11264K)
 Metaspace       used 88452K, committed 89280K, reserved 557056K
  class space    used 12388K, committed 12800K, reserved 425984K
}
Event: 33.084 GC heap before
{Heap before GC invocations=36 (full 0):
 garbage-first heap   total 235520K, used 193961K [0x0000000080000000, 0x0000000100000000)
  region size 1024K, 96 young (98304K), 11 survivors (11264K)
 Metaspace       used 92099K, committed 92992K, reserved 557056K
  class space    used 12937K, committed 13376K, reserved 425984K
}
Event: 33.091 GC heap after
{Heap after GC invocations=37 (full 0):
 garbage-first heap   total 235520K, used 110478K [0x0000000080000000, 0x0000000100000000)
  region size 1024K, 10 young (10240K), 10 survivors (10240K)
 Metaspace       used 92099K, committed 92992K, reserved 557056K
  class space    used 12937K, committed 13376K, reserved 425984K
}
Event: 33.716 GC heap before
{Heap before GC invocations=37 (full 0):
 garbage-first heap   total 235520K, used 194446K [0x0000000080000000, 0x0000000100000000)
  region size 1024K, 92 young (94208K), 10 survivors (10240K)
 Metaspace       used 97176K, committed 98112K, reserved 557056K
  class space    used 13779K, committed 14272K, reserved 425984K
}
Event: 33.723 GC heap after
{Heap after GC invocations=38 (full 0):
 garbage-first heap   total 235520K, used 115582K [0x0000000080000000, 0x0000000100000000)
  region size 1024K, 10 young (10240K), 10 survivors (10240K)
 Metaspace       used 97176K, committed 98112K, reserved 557056K
  class space    used 13779K, committed 14272K, reserved 425984K
}
Event: 34.479 GC heap before
{Heap before GC invocations=38 (full 0):
 garbage-first heap   total 235520K, used 194430K [0x0000000080000000, 0x0000000100000000)
  region size 1024K, 88 young (90112K), 10 survivors (10240K)
 Metaspace       used 99673K, committed 100608K, reserved 557056K
  class space    used 14138K, committed 14592K, reserved 425984K
}
Event: 34.493 GC heap after
{Heap after GC invocations=39 (full 0):
 garbage-first heap   total 235520K, used 126415K [0x0000000080000000, 0x0000000100000000)
  region size 1024K, 11 young (11264K), 11 survivors (11264K)
 Metaspace       used 99673K, committed 100608K, reserved 557056K
  class space    used 14138K, committed 14592K, reserved 425984K
}
Event: 35.303 GC heap before
{Heap before GC invocations=39 (full 0):
 garbage-first heap   total 235520K, used 192975K [0x0000000080000000, 0x0000000100000000)
  region size 1024K, 75 young (76800K), 11 survivors (11264K)
 Metaspace       used 101738K, committed 102784K, reserved 557056K
  class space    used 14333K, committed 14784K, reserved 425984K
}
Event: 35.315 GC heap after
{Heap after GC invocations=40 (full 0):
 garbage-first heap   total 235520K, used 142527K [0x0000000080000000, 0x0000000100000000)
  region size 1024K, 10 young (10240K), 10 survivors (10240K)
 Metaspace       used 101738K, committed 102784K, reserved 557056K
  class space    used 14333K, committed 14784K, reserved 425984K
}
Event: 35.643 GC heap before
{Heap before GC invocations=40 (full 0):
 garbage-first heap   total 235520K, used 192703K [0x0000000080000000, 0x0000000100000000)
  region size 1024K, 55 young (56320K), 10 survivors (10240K)
 Metaspace       used 101917K, committed 102912K, reserved 557056K
  class space    used 14344K, committed 14784K, reserved 425984K
}
Event: 35.651 GC heap after
{Heap after GC invocations=41 (full 0):
 garbage-first heap   total 235520K, used 156289K [0x0000000080000000, 0x0000000100000000)
  region size 1024K, 7 young (7168K), 7 survivors (7168K)
 Metaspace       used 101917K, committed 102912K, reserved 557056K
  class space    used 14344K, committed 14784K, reserved 425984K
}
Event: 35.723 GC heap before
{Heap before GC invocations=41 (full 0):
 garbage-first heap   total 235520K, used 161409K [0x0000000080000000, 0x0000000100000000)
  region size 1024K, 14 young (14336K), 7 survivors (7168K)
 Metaspace       used 102125K, committed 103168K, reserved 557056K
  class space    used 14382K, committed 14912K, reserved 425984K
}
Event: 35.727 GC heap after
{Heap after GC invocations=42 (full 0):
 garbage-first heap   total 235520K, used 158984K [0x0000000080000000, 0x0000000100000000)
  region size 1024K, 3 young (3072K), 3 survivors (3072K)
 Metaspace       used 102125K, committed 103168K, reserved 557056K
  class space    used 14382K, committed 14912K, reserved 425984K
}
Event: 36.100 GC heap before
{Heap before GC invocations=43 (full 0):
 garbage-first heap   total 281600K, used 187656K [0x0000000080000000, 0x0000000100000000)
  region size 1024K, 31 young (31744K), 3 survivors (3072K)
 Metaspace       used 102681K, committed 103808K, reserved 557056K
  class space    used 14452K, committed 14976K, reserved 425984K
}
Event: 36.107 GC heap after
{Heap after GC invocations=44 (full 0):
 garbage-first heap   total 281600K, used 167054K [0x0000000080000000, 0x0000000100000000)
  region size 1024K, 4 young (4096K), 4 survivors (4096K)
 Metaspace       used 102681K, committed 103808K, reserved 557056K
  class space    used 14452K, committed 14976K, reserved 425984K
}
Event: 36.223 GC heap before
{Heap before GC invocations=44 (full 0):
 garbage-first heap   total 281600K, used 176270K [0x0000000080000000, 0x0000000100000000)
  region size 1024K, 13 young (13312K), 4 survivors (4096K)
 Metaspace       used 102759K, committed 103872K, reserved 557056K
  class space    used 14459K, committed 14976K, reserved 425984K
}
Event: 36.231 GC heap after
{Heap after GC invocations=45 (full 0):
 garbage-first heap   total 281600K, used 165293K [0x0000000080000000, 0x0000000100000000)
  region size 1024K, 2 young (2048K), 2 survivors (2048K)
 Metaspace       used 102759K, committed 103872K, reserved 557056K
  class space    used 14459K, committed 14976K, reserved 425984K
}
Event: 36.695 GC heap before
{Heap before GC invocations=45 (full 0):
 garbage-first heap   total 281600K, used 215469K [0x0000000080000000, 0x0000000100000000)
  region size 1024K, 51 young (52224K), 2 survivors (2048K)
 Metaspace       used 103108K, committed 104320K, reserved 557056K
  class space    used 14497K, committed 15040K, reserved 425984K
}

