# JRE version: OpenJDK Runtime Environment Microsoft-8035246 (17.0.8+7) (build 17.0.8+7-LTS)
# Java VM: OpenJDK 64-Bit Server VM Microsoft-8035246 (17.0.8+7-LTS, mixed mode, sharing, tiered, compressed oops, compressed class ptrs, g1 gc, windows-amd64)
GC Precious Log:
 CPUs: 8 total, 8 available
 Memory: 8036M
 Large Page Support: Disabled
 NUMA Support: Disabled
 Compressed Oops: Enabled (32-bit)
 Heap Region Size: 1M
 Heap Min Capacity: 8M
 Heap Initial Capacity: 126M
 Heap Max Capacity: 2G
 Pre-touch: Disabled
 Parallel Workers: 8
 Concurrent Workers: 2
 Concurrent Refinement Workers: 8
 Periodic GC: Disabled
Heap:
 garbage-first heap   total 129024K, used 68488K [0x0000000080000000, 0x0000000100000000)
  region size 1024K, 5 young (5120K), 5 survivors (5120K)
 Metaspace       used 62134K, committed 62848K, reserved 491520K
  class space    used 8804K, committed 9152K, reserved 425984K
GC Heap History (20 events):
Event: 9.720 GC heap after
{Heap after GC invocations=14 (full 0):
 garbage-first heap   total 86016K, used 41563K [0x0000000080000000, 0x0000000100000000)
  region size 1024K, 3 young (3072K), 3 survivors (3072K)
 Metaspace       used 47816K, committed 48448K, reserved 491520K
  class space    used 6764K, committed 7040K, reserved 425984K
}
Event: 9.889 GC heap before
{Heap before GC invocations=14 (full 0):
 garbage-first heap   total 86016K, used 53851K [0x0000000080000000, 0x0000000100000000)
  region size 1024K, 17 young (17408K), 3 survivors (3072K)
 Metaspace       used 48259K, committed 48896K, reserved 491520K
  class space    used 6811K, committed 7104K, reserved 425984K
}
Event: 9.893 GC heap after
{Heap after GC invocations=15 (full 0):
 garbage-first heap   total 86016K, used 45264K [0x0000000080000000, 0x0000000100000000)
  region size 1024K, 4 young (4096K), 4 survivors (4096K)
 Metaspace       used 48259K, committed 48896K, reserved 491520K
  class space    used 6811K, committed 7104K, reserved 425984K
}
Event: 10.137 GC heap before
{Heap before GC invocations=16 (full 0):
 garbage-first heap   total 87040K, used 70864K [0x0000000080000000, 0x0000000100000000)
  region size 1024K, 25 young (25600K), 4 survivors (4096K)
 Metaspace       used 50655K, committed 51328K, reserved 491520K
  class space    used 7155K, committed 7488K, reserved 425984K
}
Event: 10.140 GC heap after
{Heap after GC invocations=17 (full 0):
 garbage-first heap   total 87040K, used 50981K [0x0000000080000000, 0x0000000100000000)
  region size 1024K, 2 young (2048K), 2 survivors (2048K)
 Metaspace       used 50655K, committed 51328K, reserved 491520K
  class space    used 7155K, committed 7488K, reserved 425984K
}
Event: 10.175 GC heap before
{Heap before GC invocations=17 (full 0):
 garbage-first heap   total 87040K, used 60197K [0x0000000080000000, 0x0000000100000000)
  region size 1024K, 4 young (4096K), 2 survivors (2048K)
 Metaspace       used 50717K, committed 51392K, reserved 491520K
  class space    used 7163K, committed 7488K, reserved 425984K
}
Event: 10.177 GC heap after
{Heap after GC invocations=18 (full 0):
 garbage-first heap   total 87040K, used 61304K [0x0000000080000000, 0x0000000100000000)
  region size 1024K, 1 young (1024K), 1 survivors (1024K)
 Metaspace       used 50717K, committed 51392K, reserved 491520K
  class space    used 7163K, committed 7488K, reserved 425984K
}
Event: 10.297 GC heap before
{Heap before GC invocations=18 (full 0):
 garbage-first heap   total 87040K, used 70520K [0x0000000080000000, 0x0000000100000000)
  region size 1024K, 11 young (11264K), 1 survivors (1024K)
 Metaspace       used 51475K, committed 52096K, reserved 491520K
  class space    used 7267K, committed 7552K, reserved 425984K
}
Event: 10.299 GC heap after
{Heap after GC invocations=19 (full 0):
 garbage-first heap   total 87040K, used 61250K [0x0000000080000000, 0x0000000100000000)
  region size 1024K, 1 young (1024K), 1 survivors (1024K)
 Metaspace       used 51475K, committed 52096K, reserved 491520K
  class space    used 7267K, committed 7552K, reserved 425984K
}
Event: 10.403 GC heap before
{Heap before GC invocations=20 (full 0):
 garbage-first heap   total 107520K, used 72514K [0x0000000080000000, 0x0000000100000000)
  region size 1024K, 12 young (12288K), 1 survivors (1024K)
 Metaspace       used 52455K, committed 53120K, reserved 491520K
  class space    used 7411K, committed 7744K, reserved 425984K
}
Event: 10.404 GC heap after
{Heap after GC invocations=21 (full 0):
 garbage-first heap   total 129024K, used 61565K [0x0000000080000000, 0x0000000100000000)
  region size 1024K, 2 young (2048K), 2 survivors (2048K)
 Metaspace       used 52455K, committed 53120K, reserved 491520K
  class space    used 7411K, committed 7744K, reserved 425984K
}
Event: 10.434 GC heap before
{Heap before GC invocations=21 (full 0):
 garbage-first heap   total 129024K, used 65661K [0x0000000080000000, 0x0000000100000000)
  region size 1024K, 6 young (6144K), 2 survivors (2048K)
 Metaspace       used 52940K, committed 53568K, reserved 491520K
  class space    used 7481K, committed 7808K, reserved 425984K
}
Event: 10.436 GC heap after
{Heap after GC invocations=22 (full 0):
 garbage-first heap   total 129024K, used 61137K [0x0000000080000000, 0x0000000100000000)
  region size 1024K, 1 young (1024K), 1 survivors (1024K)
 Metaspace       used 52940K, committed 53568K, reserved 491520K
  class space    used 7481K, committed 7808K, reserved 425984K
}
Event: 10.862 GC heap before
{Heap before GC invocations=22 (full 0):
 garbage-first heap   total 129024K, used 103121K [0x0000000080000000, 0x0000000100000000)
  region size 1024K, 42 young (43008K), 1 survivors (1024K)
 Metaspace       used 57221K, committed 57920K, reserved 491520K
  class space    used 8085K, committed 8384K, reserved 425984K
}
Event: 10.865 GC heap after
{Heap after GC invocations=23 (full 0):
 garbage-first heap   total 129024K, used 63359K [0x0000000080000000, 0x0000000100000000)
  region size 1024K, 3 young (3072K), 3 survivors (3072K)
 Metaspace       used 57221K, committed 57920K, reserved 491520K
  class space    used 8085K, committed 8384K, reserved 425984K
}
Event: 11.210 GC heap before
{Heap before GC invocations=24 (full 0):
 garbage-first heap   total 129024K, used 104319K [0x0000000080000000, 0x0000000100000000)
  region size 1024K, 43 young (44032K), 3 survivors (3072K)
 Metaspace       used 60207K, committed 60928K, reserved 491520K
  class space    used 8535K, committed 8896K, reserved 425984K
}
Event: 11.213 GC heap after
{Heap after GC invocations=25 (full 0):
 garbage-first heap   total 129024K, used 64668K [0x0000000080000000, 0x0000000100000000)
  region size 1024K, 4 young (4096K), 4 survivors (4096K)
 Metaspace       used 60207K, committed 60928K, reserved 491520K
  class space    used 8535K, committed 8896K, reserved 425984K
}
Event: 11.233 GC heap before
{Heap before GC invocations=25 (full 0):
 garbage-first heap   total 129024K, used 66716K [0x0000000080000000, 0x0000000100000000)
  region size 1024K, 6 young (6144K), 4 survivors (4096K)
 Metaspace       used 60296K, committed 60992K, reserved 491520K
  class space    used 8544K, committed 8896K, reserved 425984K
}
Event: 11.237 GC heap after
{Heap after GC invocations=26 (full 0):
 garbage-first heap   total 129024K, used 64787K [0x0000000080000000, 0x0000000100000000)
  region size 1024K, 1 young (1024K), 1 survivors (1024K)
 Metaspace       used 60296K, committed 60992K, reserved 491520K
  class space    used 8544K, committed 8896K, reserved 425984K
}
Event: 11.699 GC heap before
{Heap before GC invocations=26 (full 0):
 garbage-first heap   total 129024K, used 105747K [0x0000000080000000, 0x0000000100000000)
  region size 1024K, 41 young (41984K), 1 survivors (1024K)
 Metaspace       used 62134K, committed 62848K, reserved 491520K
  class space    used 8804K, committed 9152K, reserved 425984K
}

