# JRE version: OpenJDK Runtime Environment Microsoft-8035246 (17.0.8+7) (build 17.0.8+7-LTS)
# Java VM: OpenJDK 64-Bit Server VM Microsoft-8035246 (17.0.8+7-LTS, mixed mode, sharing, tiered, compressed oops, compressed class ptrs, g1 gc, windows-amd64)
GC Precious Log:
 CPUs: 8 total, 8 available
 Memory: 8036M
 Large Page Support: Disabled
 NUMA Support: Disabled
 Compressed Oops: Enabled (32-bit)
 Heap Region Size: 1M
 Heap Min Capacity: 8M
 Heap Initial Capacity: 126M
 Heap Max Capacity: 2G
 Pre-touch: Disabled
 Parallel Workers: 8
 Concurrent Workers: 2
 Concurrent Refinement Workers: 8
 Periodic GC: Disabled
Heap:
 garbage-first heap   total 109568K, used 63301K [0x0000000080000000, 0x0000000100000000)
  region size 1024K, 3 young (3072K), 2 survivors (2048K)
 Metaspace       used 57485K, committed 58112K, reserved 491520K
  class space    used 8140K, committed 8448K, reserved 425984K
GC Heap History (20 events):
Event: 7.187 GC heap before
{Heap before GC invocations=10 (full 0):
 garbage-first heap   total 86016K, used 64631K [0x0000000080000000, 0x0000000100000000)
  region size 1024K, 32 young (32768K), 2 survivors (2048K)
 Metaspace       used 37611K, committed 38080K, reserved 491520K
  class space    used 5250K, committed 5440K, reserved 425984K
}
Event: 7.189 GC heap after
{Heap after GC invocations=11 (full 0):
 garbage-first heap   total 86016K, used 35626K [0x0000000080000000, 0x0000000100000000)
  region size 1024K, 3 young (3072K), 3 survivors (3072K)
 Metaspace       used 37611K, committed 38080K, reserved 491520K
  class space    used 5250K, committed 5440K, reserved 425984K
}
Event: 7.554 GC heap before
{Heap before GC invocations=11 (full 0):
 garbage-first heap   total 86016K, used 66346K [0x0000000080000000, 0x0000000100000000)
  region size 1024K, 33 young (33792K), 3 survivors (3072K)
 Metaspace       used 40911K, committed 41472K, reserved 491520K
  class space    used 5765K, committed 6016K, reserved 425984K
}
Event: 7.557 GC heap after
{Heap after GC invocations=12 (full 0):
 garbage-first heap   total 86016K, used 36983K [0x0000000080000000, 0x0000000100000000)
  region size 1024K, 3 young (3072K), 3 survivors (3072K)
 Metaspace       used 40911K, committed 41472K, reserved 491520K
  class space    used 5765K, committed 6016K, reserved 425984K
}
Event: 7.869 GC heap before
{Heap before GC invocations=12 (full 0):
 garbage-first heap   total 86016K, used 67703K [0x0000000080000000, 0x0000000100000000)
  region size 1024K, 33 young (33792K), 3 survivors (3072K)
 Metaspace       used 43947K, committed 44544K, reserved 491520K
  class space    used 6268K, committed 6528K, reserved 425984K
}
Event: 7.872 GC heap after
{Heap after GC invocations=13 (full 0):
 garbage-first heap   total 86016K, used 39644K [0x0000000080000000, 0x0000000100000000)
  region size 1024K, 4 young (4096K), 4 survivors (4096K)
 Metaspace       used 43947K, committed 44544K, reserved 491520K
  class space    used 6268K, committed 6528K, reserved 425984K
}
Event: 8.221 GC heap before
{Heap before GC invocations=13 (full 0):
 garbage-first heap   total 86016K, used 69340K [0x0000000080000000, 0x0000000100000000)
  region size 1024K, 32 young (32768K), 4 survivors (4096K)
 Metaspace       used 47465K, committed 48000K, reserved 491520K
  class space    used 6720K, committed 6976K, reserved 425984K
}
Event: 8.224 GC heap after
{Heap after GC invocations=14 (full 0):
 garbage-first heap   total 86016K, used 41764K [0x0000000080000000, 0x0000000100000000)
  region size 1024K, 3 young (3072K), 3 survivors (3072K)
 Metaspace       used 47465K, committed 48000K, reserved 491520K
  class space    used 6720K, committed 6976K, reserved 425984K
}
Event: 8.383 GC heap before
{Heap before GC invocations=14 (full 0):
 garbage-first heap   total 86016K, used 57124K [0x0000000080000000, 0x0000000100000000)
  region size 1024K, 19 young (19456K), 3 survivors (3072K)
 Metaspace       used 48192K, committed 48832K, reserved 491520K
  class space    used 6812K, committed 7104K, reserved 425984K
}
Event: 8.388 GC heap after
{Heap after GC invocations=15 (full 0):
 garbage-first heap   total 86016K, used 45532K [0x0000000080000000, 0x0000000100000000)
  region size 1024K, 4 young (4096K), 4 survivors (4096K)
 Metaspace       used 48192K, committed 48832K, reserved 491520K
  class space    used 6812K, committed 7104K, reserved 425984K
}
Event: 8.642 GC heap before
{Heap before GC invocations=16 (full 0):
 garbage-first heap   total 89088K, used 72156K [0x0000000080000000, 0x0000000100000000)
  region size 1024K, 26 young (26624K), 4 survivors (4096K)
 Metaspace       used 50641K, committed 51328K, reserved 491520K
  class space    used 7164K, committed 7488K, reserved 425984K
}
Event: 8.645 GC heap after
{Heap after GC invocations=17 (full 0):
 garbage-first heap   total 89088K, used 51700K [0x0000000080000000, 0x0000000100000000)
  region size 1024K, 2 young (2048K), 2 survivors (2048K)
 Metaspace       used 50641K, committed 51328K, reserved 491520K
  class space    used 7164K, committed 7488K, reserved 425984K
}
Event: 8.668 GC heap before
{Heap before GC invocations=17 (full 0):
 garbage-first heap   total 89088K, used 60916K [0x0000000080000000, 0x0000000100000000)
  region size 1024K, 4 young (4096K), 2 survivors (2048K)
 Metaspace       used 50692K, committed 51392K, reserved 491520K
  class space    used 7172K, committed 7488K, reserved 425984K
}
Event: 8.670 GC heap after
{Heap after GC invocations=18 (full 0):
 garbage-first heap   total 89088K, used 60980K [0x0000000080000000, 0x0000000100000000)
  region size 1024K, 1 young (1024K), 1 survivors (1024K)
 Metaspace       used 50692K, committed 51392K, reserved 491520K
  class space    used 7172K, committed 7488K, reserved 425984K
}
Event: 8.786 GC heap before
{Heap before GC invocations=18 (full 0):
 garbage-first heap   total 89088K, used 72244K [0x0000000080000000, 0x0000000100000000)
  region size 1024K, 12 young (12288K), 1 survivors (1024K)
 Metaspace       used 51552K, committed 52224K, reserved 491520K
  class space    used 7287K, committed 7616K, reserved 425984K
}
Event: 8.788 GC heap after
{Heap after GC invocations=19 (full 0):
 garbage-first heap   total 109568K, used 60979K [0x0000000080000000, 0x0000000100000000)
  region size 1024K, 1 young (1024K), 1 survivors (1024K)
 Metaspace       used 51552K, committed 52224K, reserved 491520K
  class space    used 7287K, committed 7616K, reserved 425984K
}
Event: 9.039 GC heap before
{Heap before GC invocations=20 (full 0):
 garbage-first heap   total 109568K, used 88627K [0x0000000080000000, 0x0000000100000000)
  region size 1024K, 28 young (28672K), 1 survivors (1024K)
 Metaspace       used 54531K, committed 55168K, reserved 491520K
  class space    used 7685K, committed 8000K, reserved 425984K
}
Event: 9.041 GC heap after
{Heap after GC invocations=21 (full 0):
 garbage-first heap   total 109568K, used 61924K [0x0000000080000000, 0x0000000100000000)
  region size 1024K, 2 young (2048K), 2 survivors (2048K)
 Metaspace       used 54531K, committed 55168K, reserved 491520K
  class space    used 7685K, committed 8000K, reserved 425984K
}
Event: 9.110 GC heap before
{Heap before GC invocations=21 (full 0):
 garbage-first heap   total 109568K, used 64996K [0x0000000080000000, 0x0000000100000000)
  region size 1024K, 5 young (5120K), 2 survivors (2048K)
 Metaspace       used 54875K, committed 55552K, reserved 491520K
  class space    used 7731K, committed 8064K, reserved 425984K
}
Event: 9.112 GC heap after
{Heap after GC invocations=22 (full 0):
 garbage-first heap   total 109568K, used 61816K [0x0000000080000000, 0x0000000100000000)
  region size 1024K, 1 young (1024K), 1 survivors (1024K)
 Metaspace       used 54875K, committed 55552K, reserved 491520K
  class space    used 7731K, committed 8064K, reserved 425984K
}

