# JRE version: OpenJDK Runtime Environment Microsoft-8035246 (17.0.8+7) (build 17.0.8+7-LTS)
# Java VM: OpenJDK 64-Bit Server VM Microsoft-8035246 (17.0.8+7-LTS, mixed mode, sharing, tiered, compressed oops, compressed class ptrs, g1 gc, windows-amd64)
GC Precious Log:
 CPUs: 8 total, 8 available
 Memory: 8036M
 Large Page Support: Disabled
 NUMA Support: Disabled
 Compressed Oops: Enabled (32-bit)
 Heap Region Size: 1M
 Heap Min Capacity: 8M
 Heap Initial Capacity: 126M
 Heap Max Capacity: 2G
 Pre-touch: Disabled
 Parallel Workers: 8
 Concurrent Workers: 2
 Concurrent Refinement Workers: 8
 Periodic GC: Disabled
Heap:
 garbage-first heap   total 126976K, used 71065K [0x0000000080000000, 0x0000000100000000)
  region size 1024K, 5 young (5120K), 3 survivors (3072K)
 Metaspace       used 63565K, committed 64256K, reserved 491520K
  class space    used 8988K, committed 9344K, reserved 425984K
GC Heap History (20 events):
Event: 16.986 GC heap before
{Heap before GC invocations=13 (full 0):
 garbage-first heap   total 103424K, used 84279K [0x0000000080000000, 0x0000000100000000)
  region size 1024K, 47 young (48128K), 6 survivors (6144K)
 Metaspace       used 50776K, committed 51392K, reserved 491520K
  class space    used 7158K, committed 7488K, reserved 425984K
}
Event: 16.993 GC heap after
{Heap after GC invocations=14 (full 0):
 garbage-first heap   total 103424K, used 47892K [0x0000000080000000, 0x0000000100000000)
  region size 1024K, 6 young (6144K), 6 survivors (6144K)
 Metaspace       used 50776K, committed 51392K, reserved 491520K
  class space    used 7158K, committed 7488K, reserved 425984K
}
Event: 17.055 GC heap before
{Heap before GC invocations=14 (full 0):
 garbage-first heap   total 103424K, used 54036K [0x0000000080000000, 0x0000000100000000)
  region size 1024K, 9 young (9216K), 6 survivors (6144K)
 Metaspace       used 50908K, committed 51584K, reserved 491520K
  class space    used 7182K, committed 7488K, reserved 425984K
}
Event: 17.059 GC heap after
{Heap after GC invocations=15 (full 0):
 garbage-first heap   total 103424K, used 54247K [0x0000000080000000, 0x0000000100000000)
  region size 1024K, 2 young (2048K), 2 survivors (2048K)
 Metaspace       used 50908K, committed 51584K, reserved 491520K
  class space    used 7182K, committed 7488K, reserved 425984K
}
Event: 17.618 GC heap before
{Heap before GC invocations=16 (full 0):
 garbage-first heap   total 103424K, used 84967K [0x0000000080000000, 0x0000000100000000)
  region size 1024K, 29 young (29696K), 2 survivors (2048K)
 Metaspace       used 53294K, committed 53952K, reserved 491520K
  class space    used 7521K, committed 7808K, reserved 425984K
}
Event: 17.620 GC heap after
{Heap after GC invocations=17 (full 0):
 garbage-first heap   total 103424K, used 58490K [0x0000000080000000, 0x0000000100000000)
  region size 1024K, 3 young (3072K), 3 survivors (3072K)
 Metaspace       used 53294K, committed 53952K, reserved 491520K
  class space    used 7521K, committed 7808K, reserved 425984K
}
Event: 17.972 GC heap before
{Heap before GC invocations=17 (full 0):
 garbage-first heap   total 103424K, used 83066K [0x0000000080000000, 0x0000000100000000)
  region size 1024K, 28 young (28672K), 3 survivors (3072K)
 Metaspace       used 55874K, committed 56512K, reserved 491520K
  class space    used 7846K, committed 8128K, reserved 425984K
}
Event: 17.975 GC heap after
{Heap after GC invocations=18 (full 0):
 garbage-first heap   total 103424K, used 60578K [0x0000000080000000, 0x0000000100000000)
  region size 1024K, 4 young (4096K), 4 survivors (4096K)
 Metaspace       used 55874K, committed 56512K, reserved 491520K
  class space    used 7846K, committed 8128K, reserved 425984K
}
Event: 18.321 GC heap before
{Heap before GC invocations=19 (full 0):
 garbage-first heap   total 109568K, used 84130K [0x0000000080000000, 0x0000000100000000)
  region size 1024K, 27 young (27648K), 4 survivors (4096K)
 Metaspace       used 58156K, committed 58880K, reserved 491520K
  class space    used 8239K, committed 8576K, reserved 425984K
}
Event: 18.324 GC heap after
{Heap after GC invocations=20 (full 0):
 garbage-first heap   total 109568K, used 61651K [0x0000000080000000, 0x0000000100000000)
  region size 1024K, 3 young (3072K), 3 survivors (3072K)
 Metaspace       used 58156K, committed 58880K, reserved 491520K
  class space    used 8239K, committed 8576K, reserved 425984K
}
Event: 18.353 GC heap before
{Heap before GC invocations=20 (full 0):
 garbage-first heap   total 109568K, used 63699K [0x0000000080000000, 0x0000000100000000)
  region size 1024K, 5 young (5120K), 3 survivors (3072K)
 Metaspace       used 58340K, committed 59072K, reserved 491520K
  class space    used 8272K, committed 8640K, reserved 425984K
}
Event: 18.356 GC heap after
{Heap after GC invocations=21 (full 0):
 garbage-first heap   total 109568K, used 61627K [0x0000000080000000, 0x0000000100000000)
  region size 1024K, 1 young (1024K), 1 survivors (1024K)
 Metaspace       used 58340K, committed 59072K, reserved 491520K
  class space    used 8272K, committed 8640K, reserved 425984K
}
Event: 18.716 GC heap before
{Heap before GC invocations=21 (full 0):
 garbage-first heap   total 109568K, used 90299K [0x0000000080000000, 0x0000000100000000)
  region size 1024K, 29 young (29696K), 1 survivors (1024K)
 Metaspace       used 60244K, committed 60928K, reserved 491520K
  class space    used 8544K, committed 8896K, reserved 425984K
}
Event: 18.718 GC heap after
{Heap after GC invocations=22 (full 0):
 garbage-first heap   total 109568K, used 62155K [0x0000000080000000, 0x0000000100000000)
  region size 1024K, 1 young (1024K), 1 survivors (1024K)
 Metaspace       used 60244K, committed 60928K, reserved 491520K
  class space    used 8544K, committed 8896K, reserved 425984K
}
Event: 19.214 GC heap before
{Heap before GC invocations=23 (full 0):
 garbage-first heap   total 109568K, used 89803K [0x0000000080000000, 0x0000000100000000)
  region size 1024K, 30 young (30720K), 1 survivors (1024K)
 Metaspace       used 61680K, committed 62336K, reserved 491520K
  class space    used 8739K, committed 9088K, reserved 425984K
}
Event: 19.217 GC heap after
{Heap after GC invocations=24 (full 0):
 garbage-first heap   total 109568K, used 64280K [0x0000000080000000, 0x0000000100000000)
  region size 1024K, 4 young (4096K), 4 survivors (4096K)
 Metaspace       used 61680K, committed 62336K, reserved 491520K
  class space    used 8739K, committed 9088K, reserved 425984K
}
Event: 19.248 GC heap before
{Heap before GC invocations=24 (full 0):
 garbage-first heap   total 109568K, used 65304K [0x0000000080000000, 0x0000000100000000)
  region size 1024K, 5 young (5120K), 4 survivors (4096K)
 Metaspace       used 61681K, committed 62336K, reserved 491520K
  class space    used 8739K, committed 9088K, reserved 425984K
}
Event: 19.250 GC heap after
{Heap after GC invocations=25 (full 0):
 garbage-first heap   total 109568K, used 64334K [0x0000000080000000, 0x0000000100000000)
  region size 1024K, 1 young (1024K), 1 survivors (1024K)
 Metaspace       used 61681K, committed 62336K, reserved 491520K
  class space    used 8739K, committed 9088K, reserved 425984K
}
Event: 19.570 GC heap before
{Heap before GC invocations=25 (full 0):
 garbage-first heap   total 109568K, used 88910K [0x0000000080000000, 0x0000000100000000)
  region size 1024K, 25 young (25600K), 1 survivors (1024K)
 Metaspace       used 62909K, committed 63616K, reserved 491520K
  class space    used 8914K, committed 9280K, reserved 425984K
}
Event: 19.573 GC heap after
{Heap after GC invocations=26 (full 0):
 garbage-first heap   total 109568K, used 67187K [0x0000000080000000, 0x0000000100000000)
  region size 1024K, 4 young (4096K), 4 survivors (4096K)
 Metaspace       used 62909K, committed 63616K, reserved 491520K
  class space    used 8914K, committed 9280K, reserved 425984K
}

