# JRE version: OpenJDK Runtime Environment Microsoft-8035246 (17.0.8+7) (build 17.0.8+7-LTS)
# Java VM: OpenJDK 64-Bit Server VM Microsoft-8035246 (17.0.8+7-LTS, mixed mode, sharing, tiered, compressed oops, compressed class ptrs, g1 gc, windows-amd64)
GC Precious Log:
 CPUs: 8 total, 8 available
 Memory: 8036M
 Large Page Support: Disabled
 NUMA Support: Disabled
 Compressed Oops: Enabled (32-bit)
 Heap Region Size: 1M
 Heap Min Capacity: 8M
 Heap Initial Capacity: 126M
 Heap Max Capacity: 2G
 Pre-touch: Disabled
 Parallel Workers: 8
 Concurrent Workers: 2
 Concurrent Refinement Workers: 8
 Periodic GC: Disabled
Heap:
 garbage-first heap   total 215040K, used 114487K [0x0000000080000000, 0x0000000100000000)
  region size 1024K, 7 young (7168K), 7 survivors (7168K)
 Metaspace       used 91818K, committed 92736K, reserved 557056K
  class space    used 13030K, committed 13440K, reserved 425984K
GC Heap History (20 events):
Event: 12.033 GC heap after
{Heap after GC invocations=30 (full 0):
 garbage-first heap   total 215040K, used 68682K [0x0000000080000000, 0x0000000100000000)
  region size 1024K, 1 young (1024K), 1 survivors (1024K)
 Metaspace       used 62507K, committed 63232K, reserved 491520K
  class space    used 8863K, committed 9216K, reserved 425984K
}
Event: 13.188 GC heap before
{Heap before GC invocations=30 (full 0):
 garbage-first heap   total 215040K, used 154698K [0x0000000080000000, 0x0000000100000000)
  region size 1024K, 86 young (88064K), 1 survivors (1024K)
 Metaspace       used 67162K, committed 67840K, reserved 491520K
  class space    used 9606K, committed 9984K, reserved 425984K
}
Event: 13.195 GC heap after
{Heap after GC invocations=31 (full 0):
 garbage-first heap   total 215040K, used 77202K [0x0000000080000000, 0x0000000100000000)
  region size 1024K, 9 young (9216K), 9 survivors (9216K)
 Metaspace       used 67162K, committed 67840K, reserved 491520K
  class space    used 9606K, committed 9984K, reserved 425984K
}
Event: 13.428 GC heap before
{Heap before GC invocations=31 (full 0):
 garbage-first heap   total 215040K, used 124306K [0x0000000080000000, 0x0000000100000000)
  region size 1024K, 57 young (58368K), 9 survivors (9216K)
 Metaspace       used 67816K, committed 68544K, reserved 491520K
  class space    used 9700K, committed 10048K, reserved 425984K
}
Event: 13.435 GC heap after
{Heap after GC invocations=32 (full 0):
 garbage-first heap   total 215040K, used 79122K [0x0000000080000000, 0x0000000100000000)
  region size 1024K, 5 young (5120K), 5 survivors (5120K)
 Metaspace       used 67816K, committed 68544K, reserved 491520K
  class space    used 9700K, committed 10048K, reserved 425984K
}
Event: 14.042 GC heap before
{Heap before GC invocations=33 (full 0):
 garbage-first heap   total 215040K, used 173330K [0x0000000080000000, 0x0000000100000000)
  region size 1024K, 86 young (88064K), 5 survivors (5120K)
 Metaspace       used 73711K, committed 74496K, reserved 491520K
  class space    used 10378K, committed 10752K, reserved 425984K
}
Event: 14.048 GC heap after
{Heap after GC invocations=34 (full 0):
 garbage-first heap   total 215040K, used 99586K [0x0000000080000000, 0x0000000100000000)
  region size 1024K, 11 young (11264K), 11 survivors (11264K)
 Metaspace       used 73711K, committed 74496K, reserved 491520K
  class space    used 10378K, committed 10752K, reserved 425984K
}
Event: 14.049 GC heap before
{Heap before GC invocations=34 (full 0):
 garbage-first heap   total 215040K, used 100610K [0x0000000080000000, 0x0000000100000000)
  region size 1024K, 12 young (12288K), 11 survivors (11264K)
 Metaspace       used 73711K, committed 74496K, reserved 491520K
  class space    used 10378K, committed 10752K, reserved 425984K
}
Event: 14.054 GC heap after
{Heap after GC invocations=35 (full 0):
 garbage-first heap   total 215040K, used 99224K [0x0000000080000000, 0x0000000100000000)
  region size 1024K, 2 young (2048K), 2 survivors (2048K)
 Metaspace       used 73711K, committed 74496K, reserved 491520K
  class space    used 10378K, committed 10752K, reserved 425984K
}
Event: 14.500 GC heap before
{Heap before GC invocations=35 (full 0):
 garbage-first heap   total 215040K, used 167832K [0x0000000080000000, 0x0000000100000000)
  region size 1024K, 69 young (70656K), 2 survivors (2048K)
 Metaspace       used 78483K, committed 79232K, reserved 557056K
  class space    used 11035K, committed 11392K, reserved 425984K
}
Event: 14.503 GC heap after
{Heap after GC invocations=36 (full 0):
 garbage-first heap   total 215040K, used 103464K [0x0000000080000000, 0x0000000100000000)
  region size 1024K, 6 young (6144K), 6 survivors (6144K)
 Metaspace       used 78483K, committed 79232K, reserved 557056K
  class space    used 11035K, committed 11392K, reserved 425984K
}
Event: 14.862 GC heap before
{Heap before GC invocations=36 (full 0):
 garbage-first heap   total 215040K, used 171048K [0x0000000080000000, 0x0000000100000000)
  region size 1024K, 72 young (73728K), 6 survivors (6144K)
 Metaspace       used 82190K, committed 82944K, reserved 557056K
  class space    used 11537K, committed 11904K, reserved 425984K
}
Event: 14.869 GC heap after
{Heap after GC invocations=37 (full 0):
 garbage-first heap   total 215040K, used 107077K [0x0000000080000000, 0x0000000100000000)
  region size 1024K, 9 young (9216K), 9 survivors (9216K)
 Metaspace       used 82190K, committed 82944K, reserved 557056K
  class space    used 11537K, committed 11904K, reserved 425984K
}
Event: 19.653 GC heap before
{Heap before GC invocations=37 (full 0):
 garbage-first heap   total 215040K, used 165445K [0x0000000080000000, 0x0000000100000000)
  region size 1024K, 67 young (68608K), 9 survivors (9216K)
 Metaspace       used 84518K, committed 85376K, reserved 557056K
  class space    used 11861K, committed 12288K, reserved 425984K
}
Event: 19.660 GC heap after
{Heap after GC invocations=38 (full 0):
 garbage-first heap   total 215040K, used 111031K [0x0000000080000000, 0x0000000100000000)
  region size 1024K, 8 young (8192K), 8 survivors (8192K)
 Metaspace       used 84518K, committed 85376K, reserved 557056K
  class space    used 11861K, committed 12288K, reserved 425984K
}
Event: 20.137 GC heap before
{Heap before GC invocations=39 (full 0):
 garbage-first heap   total 215040K, used 172471K [0x0000000080000000, 0x0000000100000000)
  region size 1024K, 71 young (72704K), 8 survivors (8192K)
 Metaspace       used 88869K, committed 89728K, reserved 557056K
  class space    used 12632K, committed 13056K, reserved 425984K
}
Event: 20.143 GC heap after
{Heap after GC invocations=40 (full 0):
 garbage-first heap   total 215040K, used 108862K [0x0000000080000000, 0x0000000100000000)
  region size 1024K, 6 young (6144K), 6 survivors (6144K)
 Metaspace       used 88869K, committed 89728K, reserved 557056K
  class space    used 12632K, committed 13056K, reserved 425984K
}
Event: 20.165 GC heap before
{Heap before GC invocations=40 (full 0):
 garbage-first heap   total 215040K, used 112958K [0x0000000080000000, 0x0000000100000000)
  region size 1024K, 10 young (10240K), 6 survivors (6144K)
 Metaspace       used 89089K, committed 89920K, reserved 557056K
  class space    used 12664K, committed 13056K, reserved 425984K
}
Event: 20.169 GC heap after
{Heap after GC invocations=41 (full 0):
 garbage-first heap   total 215040K, used 108347K [0x0000000080000000, 0x0000000100000000)
  region size 1024K, 1 young (1024K), 1 survivors (1024K)
 Metaspace       used 89089K, committed 89920K, reserved 557056K
  class space    used 12664K, committed 13056K, reserved 425984K
}
Event: 20.595 GC heap before
{Heap before GC invocations=41 (full 0):
 garbage-first heap   total 215040K, used 176955K [0x0000000080000000, 0x0000000100000000)
  region size 1024K, 68 young (69632K), 1 survivors (1024K)
 Metaspace       used 91818K, committed 92736K, reserved 557056K
  class space    used 13030K, committed 13440K, reserved 425984K
}

