# JRE version: OpenJDK Runtime Environment Microsoft-8035246 (17.0.8+7) (build 17.0.8+7-LTS)
# Java VM: OpenJDK 64-Bit Server VM Microsoft-8035246 (17.0.8+7-LTS, mixed mode, sharing, tiered, compressed oops, compressed class ptrs, g1 gc, windows-amd64)
GC Precious Log:
 CPUs: 8 total, 8 available
 Memory: 8036M
 Large Page Support: Disabled
 NUMA Support: Disabled
 Compressed Oops: Enabled (32-bit)
 Heap Region Size: 1M
 Heap Min Capacity: 8M
 Heap Initial Capacity: 126M
 Heap Max Capacity: 2G
 Pre-touch: Disabled
 Parallel Workers: 8
 Concurrent Workers: 2
 Concurrent Refinement Workers: 8
 Periodic GC: Disabled
Heap:
 garbage-first heap   total 357376K, used 216793K [0x0000000080000000, 0x0000000100000000)
  region size 1024K, 21 young (21504K), 3 survivors (3072K)
 Metaspace       used 103443K, committed 104704K, reserved 557056K
  class space    used 14576K, committed 15168K, reserved 425984K
GC Heap History (20 events):
Event: 42.698 GC heap before
{Heap before GC invocations=44 (full 0):
 garbage-first heap   total 184320K, used 154810K [0x0000000080000000, 0x0000000100000000)
  region size 1024K, 16 young (16384K), 3 survivors (3072K)
 Metaspace       used 95591K, committed 96640K, reserved 557056K
  class space    used 13468K, committed 13952K, reserved 425984K
}
Event: 42.700 GC heap after
{Heap after GC invocations=45 (full 0):
 garbage-first heap   total 228352K, used 142944K [0x0000000080000000, 0x0000000100000000)
  region size 1024K, 2 young (2048K), 2 survivors (2048K)
 Metaspace       used 95591K, committed 96640K, reserved 557056K
  class space    used 13468K, committed 13952K, reserved 425984K
}
Event: 43.166 GC heap before
{Heap before GC invocations=45 (full 0):
 garbage-first heap   total 228352K, used 186976K [0x0000000080000000, 0x0000000100000000)
  region size 1024K, 42 young (43008K), 2 survivors (2048K)
 Metaspace       used 96466K, committed 97600K, reserved 557056K
  class space    used 13582K, committed 14080K, reserved 425984K
}
Event: 43.174 GC heap after
{Heap after GC invocations=46 (full 0):
 garbage-first heap   total 228352K, used 159633K [0x0000000080000000, 0x0000000100000000)
  region size 1024K, 6 young (6144K), 6 survivors (6144K)
 Metaspace       used 96466K, committed 97600K, reserved 557056K
  class space    used 13582K, committed 14080K, reserved 425984K
}
Event: 43.448 GC heap before
{Heap before GC invocations=46 (full 0):
 garbage-first heap   total 228352K, used 186257K [0x0000000080000000, 0x0000000100000000)
  region size 1024K, 33 young (33792K), 6 survivors (6144K)
 Metaspace       used 96708K, committed 97856K, reserved 557056K
  class space    used 13606K, committed 14144K, reserved 425984K
}
Event: 43.454 GC heap after
{Heap after GC invocations=47 (full 0):
 garbage-first heap   total 228352K, used 163987K [0x0000000080000000, 0x0000000100000000)
  region size 1024K, 5 young (5120K), 5 survivors (5120K)
 Metaspace       used 96708K, committed 97856K, reserved 557056K
  class space    used 13606K, committed 14144K, reserved 425984K
}
Event: 43.701 GC heap before
{Heap before GC invocations=47 (full 0):
 garbage-first heap   total 228352K, used 188563K [0x0000000080000000, 0x0000000100000000)
  region size 1024K, 29 young (29696K), 5 survivors (5120K)
 Metaspace       used 97033K, committed 98240K, reserved 557056K
  class space    used 13643K, committed 14208K, reserved 425984K
}
Event: 43.707 GC heap after
{Heap after GC invocations=48 (full 0):
 garbage-first heap   total 228352K, used 171678K [0x0000000080000000, 0x0000000100000000)
  region size 1024K, 4 young (4096K), 4 survivors (4096K)
 Metaspace       used 97033K, committed 98240K, reserved 557056K
  class space    used 13643K, committed 14208K, reserved 425984K
}
Event: 43.840 GC heap before
{Heap before GC invocations=48 (full 0):
 garbage-first heap   total 228352K, used 191134K [0x0000000080000000, 0x0000000100000000)
  region size 1024K, 23 young (23552K), 4 survivors (4096K)
 Metaspace       used 97078K, committed 98240K, reserved 557056K
  class space    used 13646K, committed 14208K, reserved 425984K
}
Event: 43.845 GC heap after
{Heap after GC invocations=49 (full 0):
 garbage-first heap   total 274432K, used 179357K [0x0000000080000000, 0x0000000100000000)
  region size 1024K, 3 young (3072K), 3 survivors (3072K)
 Metaspace       used 97078K, committed 98240K, reserved 557056K
  class space    used 13646K, committed 14208K, reserved 425984K
}
Event: 44.185 GC heap before
{Heap before GC invocations=49 (full 0):
 garbage-first heap   total 274432K, used 218269K [0x0000000080000000, 0x0000000100000000)
  region size 1024K, 41 young (41984K), 3 survivors (3072K)
 Metaspace       used 97479K, committed 98688K, reserved 557056K
  class space    used 13715K, committed 14272K, reserved 425984K
}
Event: 44.192 GC heap after
{Heap after GC invocations=50 (full 0):
 garbage-first heap   total 274432K, used 184971K [0x0000000080000000, 0x0000000100000000)
  region size 1024K, 6 young (6144K), 6 survivors (6144K)
 Metaspace       used 97479K, committed 98688K, reserved 557056K
  class space    used 13715K, committed 14272K, reserved 425984K
}
Event: 44.674 GC heap before
{Heap before GC invocations=50 (full 0):
 garbage-first heap   total 274432K, used 223883K [0x0000000080000000, 0x0000000100000000)
  region size 1024K, 42 young (43008K), 6 survivors (6144K)
 Metaspace       used 99151K, committed 100416K, reserved 557056K
  class space    used 13924K, committed 14528K, reserved 425984K
}
Event: 44.681 GC heap after
{Heap after GC invocations=51 (full 0):
 garbage-first heap   total 274432K, used 195717K [0x0000000080000000, 0x0000000100000000)
  region size 1024K, 6 young (6144K), 6 survivors (6144K)
 Metaspace       used 99151K, committed 100416K, reserved 557056K
  class space    used 13924K, committed 14528K, reserved 425984K
}
Event: 44.939 GC heap before
{Heap before GC invocations=51 (full 0):
 garbage-first heap   total 274432K, used 226437K [0x0000000080000000, 0x0000000100000000)
  region size 1024K, 36 young (36864K), 6 survivors (6144K)
 Metaspace       used 100733K, committed 101952K, reserved 557056K
  class space    used 14172K, committed 14720K, reserved 425984K
}
Event: 44.943 GC heap after
{Heap after GC invocations=52 (full 0):
 garbage-first heap   total 274432K, used 197115K [0x0000000080000000, 0x0000000100000000)
  region size 1024K, 2 young (2048K), 2 survivors (2048K)
 Metaspace       used 100733K, committed 101952K, reserved 557056K
  class space    used 14172K, committed 14720K, reserved 425984K
}
Event: 45.194 GC heap before
{Heap before GC invocations=52 (full 0):
 garbage-first heap   total 274432K, used 228859K [0x0000000080000000, 0x0000000100000000)
  region size 1024K, 33 young (33792K), 2 survivors (2048K)
 Metaspace       used 102236K, committed 103488K, reserved 557056K
  class space    used 14393K, committed 14976K, reserved 425984K
}
Event: 45.196 GC heap after
{Heap after GC invocations=53 (full 0):
 garbage-first heap   total 274432K, used 198951K [0x0000000080000000, 0x0000000100000000)
  region size 1024K, 4 young (4096K), 4 survivors (4096K)
 Metaspace       used 102236K, committed 103488K, reserved 557056K
  class space    used 14393K, committed 14976K, reserved 425984K
}
Event: 45.232 GC heap before
{Heap before GC invocations=53 (full 0):
 garbage-first heap   total 274432K, used 203047K [0x0000000080000000, 0x0000000100000000)
  region size 1024K, 9 young (9216K), 4 survivors (4096K)
 Metaspace       used 102482K, committed 103680K, reserved 557056K
  class space    used 14426K, committed 14976K, reserved 425984K
}
Event: 45.236 GC heap after
{Heap after GC invocations=54 (full 0):
 garbage-first heap   total 274432K, used 199385K [0x0000000080000000, 0x0000000100000000)
  region size 1024K, 3 young (3072K), 3 survivors (3072K)
 Metaspace       used 102482K, committed 103680K, reserved 557056K
  class space    used 14426K, committed 14976K, reserved 425984K
}

